number,value,datetime_start,datetime_complete,duration,params_batch_size,params_h,params_lr,params_seq_length,state
303,0.00023945074644871056,2025-07-17 21:19:09.237226,2025-07-17 21:20:33.122632,0 days 00:01:23.885406,32,108,0.0036334323108370824,24,COMPLETE
304,0.00025132912560366094,2025-07-17 21:20:33.123626,2025-07-17 21:22:03.261923,0 days 00:01:30.138297,32,111,0.003129557170277091,25,COMPLETE
305,0.00020240234152879566,2025-07-17 21:22:03.262896,2025-07-17 21:23:31.226360,0 days 00:01:27.963464,32,116,0.002388912495953112,24,COMPLETE
306,0.00020739213505294174,2025-07-17 21:23:31.227297,2025-07-17 21:25:02.494494,0 days 00:01:31.267197,32,121,0.004330550376843082,24,COMPLETE
307,0.00011936822556890547,2025-07-17 21:25:02.495445,2025-07-17 21:26:35.804864,0 days 00:01:33.309419,32,118,0.0029163716455205416,25,COMPLETE
308,0.0002644597552716732,2025-07-17 21:26:35.805911,2025-07-17 21:28:09.682016,0 days 00:01:33.876105,32,123,0.003152281470772758,25,COMPLETE
309,0.0002319209888810292,2025-07-17 21:28:09.682933,2025-07-17 21:30:11.174204,0 days 00:02:01.491271,16,113,0.002652996677259976,25,COMPLETE
310,0.0002683532075025141,2025-07-17 21:30:11.175128,2025-07-17 21:31:42.051576,0 days 00:01:30.876448,32,120,0.003924576358347988,25,COMPLETE
311,0.00019280449487268925,2025-07-17 21:31:42.052516,2025-07-17 21:33:15.605323,0 days 00:01:33.552807,32,124,0.003445558156535803,24,COMPLETE
312,0.0002922985586337745,2025-07-17 21:33:15.606277,2025-07-17 21:34:50.087845,0 days 00:01:34.481568,32,118,0.0022264873331894635,25,COMPLETE
313,0.00015505882038269192,2025-07-17 21:34:50.088804,2025-07-17 21:36:22.167845,0 days 00:01:32.079041,32,122,0.0029053927756863417,24,COMPLETE
314,0.00022996371262706816,2025-07-17 21:36:22.168789,2025-07-17 21:37:42.541806,0 days 00:01:20.373017,128,115,0.005191323758809516,24,COMPLETE
315,0.00018480786820873618,2025-07-17 21:37:42.542783,2025-07-17 21:38:52.497390,0 days 00:01:09.954607,64,126,0.00727131929936669,20,COMPLETE
316,0.0009361966513097286,2025-07-17 21:38:52.498272,2025-07-17 21:40:03.069214,0 days 00:01:10.570942,32,76,0.0003051010840683675,25,COMPLETE
317,0.00025252459454350173,2025-07-17 21:40:03.070047,2025-07-17 21:41:30.564461,0 days 00:01:27.494414,32,109,0.0024971787054448883,25,COMPLETE
318,0.00024301210942212492,2025-07-17 21:41:30.565425,2025-07-17 21:42:58.121389,0 days 00:01:27.555964,32,120,0.0036433490166238717,24,COMPLETE
319,0.00022966688266023993,2025-07-17 21:42:58.122342,2025-07-17 21:44:31.987124,0 days 00:01:33.864782,32,124,0.002895827920973551,25,COMPLETE
320,0.00024218914040829986,2025-07-17 21:44:31.987862,2025-07-17 21:45:59.956236,0 days 00:01:27.968374,32,116,0.004476326822084758,24,COMPLETE
321,0.00017428744467906654,2025-07-17 21:45:59.957138,2025-07-17 21:47:33.253917,0 days 00:01:33.296779,32,122,0.001964141228322337,25,COMPLETE
322,0.00022296867973636836,2025-07-17 21:47:33.254853,2025-07-17 21:49:03.665538,0 days 00:01:30.410685,32,118,0.0032241803208166203,24,COMPLETE
323,0.00023812541621737182,2025-07-17 21:49:03.666517,2025-07-17 21:50:35.998019,0 days 00:01:32.331502,32,126,0.0024691566638781037,23,COMPLETE
324,0.00021580395696219057,2025-07-17 21:50:35.999013,2025-07-17 21:51:45.138791,0 days 00:01:09.139778,64,113,0.0058875545975188015,23,COMPLETE
325,0.00017844734247773886,2025-07-17 21:51:45.139557,2025-07-17 21:53:18.893952,0 days 00:01:33.754395,32,124,0.0028682113615110245,25,COMPLETE
326,0.005061469040811062,2025-07-17 21:53:18.894876,2025-07-17 21:54:49.635249,0 days 00:01:30.740373,32,121,6.091280704767693e-05,24,COMPLETE
327,0.00023678329307585955,2025-07-17 21:54:49.636217,2025-07-17 21:56:22.620355,0 days 00:01:32.984138,32,118,0.004075595684201186,25,COMPLETE
328,0.00023841312213335186,2025-07-17 21:56:22.621328,2025-07-17 21:57:53.681862,0 days 00:01:31.060534,32,128,0.0033818505973224828,24,COMPLETE
329,0.0003416458494029939,2025-07-17 21:57:53.682825,2025-07-17 21:59:01.851192,0 days 00:01:08.168367,32,110,0.0023439249155948047,16,COMPLETE
330,0.0002269463293487206,2025-07-17 21:59:01.852185,2025-07-17 22:00:31.799780,0 days 00:01:29.947595,32,124,0.004907899620610696,23,COMPLETE
331,0.00027592136757448316,2025-07-17 22:00:31.800746,2025-07-17 22:02:01.877692,0 days 00:01:30.076946,32,120,0.003746531445863642,25,COMPLETE
332,0.0001481610961491242,2025-07-17 22:02:01.878696,2025-07-17 22:03:28.852418,0 days 00:01:26.973722,32,115,0.0029651813983262985,24,COMPLETE
333,0.00021274980099406093,2025-07-17 22:03:28.853387,2025-07-17 22:04:40.172063,0 days 00:01:11.318676,64,113,0.002896162925914197,24,COMPLETE
334,0.0005763992667198181,2025-07-17 22:04:40.172815,2025-07-17 22:05:14.349488,0 days 00:00:34.176673,32,11,0.003372655602114608,25,COMPLETE
335,0.00019926988170482218,2025-07-17 22:05:14.350192,2025-07-17 22:07:15.754696,0 days 00:02:01.404504,16,115,0.004003221220773728,24,COMPLETE
336,0.00024212522839661688,2025-07-17 22:07:15.755665,2025-07-17 22:08:46.294807,0 days 00:01:30.539142,32,115,0.0030317741926631234,25,COMPLETE
337,0.0002882061235141009,2025-07-17 22:08:46.295811,2025-07-17 22:10:13.636731,0 days 00:01:27.340920,32,111,0.0021231782280391794,24,COMPLETE
338,0.00016484381922055036,2025-07-17 22:10:13.637748,2025-07-17 22:11:37.941699,0 days 00:01:24.303951,32,107,0.004467273057942573,25,COMPLETE
339,0.00023341181804426014,2025-07-17 22:11:37.942652,2025-07-17 22:13:08.573011,0 days 00:01:30.630359,32,118,0.002642886492215691,24,COMPLETE
340,0.00019402755424380302,2025-07-17 22:13:08.573973,2025-07-17 22:14:38.818929,0 days 00:01:30.244956,32,116,0.003508166225739916,25,COMPLETE
341,0.00034740273258648813,2025-07-17 22:14:38.819926,2025-07-17 22:15:55.213291,0 days 00:01:16.393365,128,112,0.003116097202395995,24,COMPLETE
342,0.00015600683400407434,2025-07-17 22:15:55.214245,2025-07-17 22:17:27.861984,0 days 00:01:32.647739,32,121,0.0018289069764451276,25,COMPLETE
343,0.00017490626487415284,2025-07-17 22:17:27.862931,2025-07-17 22:19:03.451128,0 days 00:01:35.588197,32,126,0.0026092653736605855,24,COMPLETE
344,0.0003220568469259888,2025-07-17 22:19:03.452096,2025-07-17 22:20:20.601290,0 days 00:01:17.149194,64,117,0.006445276273969865,25,COMPLETE
345,0.00019257640815339983,2025-07-17 22:20:20.602216,2025-07-17 22:21:52.829468,0 days 00:01:32.227252,32,119,0.0038726813409592302,24,COMPLETE
346,0.00020460902305785567,2025-07-17 22:21:52.830445,2025-07-17 22:23:21.535217,0 days 00:01:28.704772,32,122,0.0053590067807704695,23,COMPLETE
347,0.00017720714095048606,2025-07-17 22:23:21.536186,2025-07-17 22:24:50.416826,0 days 00:01:28.880640,32,114,0.0023072876983174983,25,COMPLETE
348,0.003528927220031619,2025-07-17 22:24:50.417810,2025-07-17 22:25:46.490740,0 days 00:00:56.072930,32,58,0.00010573071186442536,24,COMPLETE
349,0.0003103003546129912,2025-07-17 22:25:46.491461,2025-07-17 22:27:18.395473,0 days 00:01:31.904012,32,128,0.003210493322603236,25,COMPLETE
350,0.00021240205387584865,2025-07-17 22:27:18.396428,2025-07-17 22:28:54.137317,0 days 00:01:35.740889,32,125,0.002811197739759571,25,COMPLETE
351,0.0004346129426266998,2025-07-17 22:28:54.138270,2025-07-17 22:30:24.963441,0 days 00:01:30.825171,32,117,0.000373406232290586,24,COMPLETE
352,0.016327345743775368,2025-07-17 22:30:24.964423,2025-07-17 22:31:41.643340,0 days 00:01:16.678917,64,122,4.1331063343053555e-05,23,COMPLETE
353,0.00023484743724111468,2025-07-17 22:31:41.644510,2025-07-17 22:33:01.341890,0 days 00:01:19.697380,32,104,0.004632308953819642,24,COMPLETE
354,0.00024384316930081695,2025-07-17 22:33:01.342901,2025-07-17 22:34:29.559743,0 days 00:01:28.216842,32,109,0.003488555614915492,25,COMPLETE
355,0.0002540408750064671,2025-07-17 22:34:29.560705,2025-07-17 22:36:05.222559,0 days 00:01:35.661854,32,125,0.0022208259301127013,24,COMPLETE
356,0.00021312822354957461,2025-07-17 22:36:05.223533,2025-07-17 22:37:36.228014,0 days 00:01:31.004481,32,120,0.003787698289021912,25,COMPLETE
357,0.0002103766455547884,2025-07-17 22:37:36.229015,2025-07-17 22:39:01.065201,0 days 00:01:24.836186,32,114,0.002779561183593526,23,COMPLETE
358,0.00018758332589641213,2025-07-17 22:39:01.066181,2025-07-17 22:40:14.968063,0 days 00:01:13.901882,32,84,0.003093076290559466,24,COMPLETE
359,0.00038635428063571453,2025-07-17 22:40:14.969012,2025-07-17 22:42:27.723019,0 days 00:02:12.754007,16,126,0.0025599106900928543,25,COMPLETE
360,0.00021480904251802713,2025-07-17 22:42:27.724016,2025-07-17 22:44:02.310932,0 days 00:01:34.586916,32,119,0.004218340387009111,25,COMPLETE
361,0.00033419005922041833,2025-07-17 22:44:02.311796,2025-07-17 22:45:34.306936,0 days 00:01:31.995140,32,123,0.0019406921055804469,24,COMPLETE
362,0.00026245767367072403,2025-07-17 22:45:34.307907,2025-07-17 22:46:43.678043,0 days 00:01:09.370136,64,112,0.0033036663305895933,24,COMPLETE
363,0.00017948003369383514,2025-07-17 22:46:43.678993,2025-07-17 22:48:09.576138,0 days 00:01:25.897145,32,116,0.0024332457533666964,23,COMPLETE
364,0.00023475986381527036,2025-07-17 22:48:09.577101,2025-07-17 22:49:41.747473,0 days 00:01:32.170372,32,128,0.004775265159784976,25,COMPLETE
365,0.00013358962314669043,2025-07-17 22:49:41.748491,2025-07-17 22:50:39.481458,0 days 00:00:57.732967,32,68,0.003861206001727493,19,COMPLETE
366,0.00023958376550581306,2025-07-17 22:50:39.481989,2025-07-17 22:51:37.975902,0 days 00:00:58.493913,32,63,0.005481827928985941,22,COMPLETE
367,0.00025894868304021657,2025-07-17 22:51:37.976661,2025-07-17 22:52:51.697641,0 days 00:01:13.720980,32,122,0.003928343839163842,17,COMPLETE
368,0.0002192517276853323,2025-07-17 22:52:51.698605,2025-07-17 22:54:12.105866,0 days 00:01:20.407261,32,124,0.004393183531403557,19,COMPLETE
369,0.00022809156507719308,2025-07-17 22:54:12.106644,2025-07-17 22:55:10.715741,0 days 00:00:58.609097,32,72,0.0037275748147157666,20,COMPLETE
370,0.0002704993530642241,2025-07-17 22:55:10.716468,2025-07-17 22:56:36.350199,0 days 00:01:25.633731,32,121,0.005052774378332292,22,COMPLETE
371,0.0002843518159352243,2025-07-17 22:56:36.351174,2025-07-17 22:57:38.881865,0 days 00:01:02.530691,32,69,0.0027828887038780434,21,COMPLETE
372,0.00022633890330325812,2025-07-17 22:57:38.882591,2025-07-17 22:59:11.507991,0 days 00:01:32.625400,32,125,0.0016014413519359566,23,COMPLETE
373,0.001686419709585607,2025-07-17 22:59:11.508959,2025-07-17 23:00:34.037394,0 days 00:01:22.528435,128,128,0.0005193560756032258,23,COMPLETE
374,0.00018596403242554516,2025-07-17 23:00:34.038362,2025-07-17 23:01:29.222932,0 days 00:00:55.184570,32,64,0.0034679554922423797,24,COMPLETE
375,0.00017143410514108837,2025-07-17 23:01:29.223480,2025-07-17 23:03:01.960469,0 days 00:01:32.736989,32,119,0.0022371013708516628,24,COMPLETE
376,0.00030895115924067795,2025-07-17 23:03:01.961458,2025-07-17 23:03:59.569963,0 days 00:00:57.608505,32,69,0.005921396250834761,18,COMPLETE
377,0.00029462549719028175,2025-07-17 23:03:59.570682,2025-07-17 23:05:29.822812,0 days 00:01:30.252130,32,123,0.004180685785294883,23,COMPLETE
378,0.0004567153810057789,2025-07-17 23:05:29.823758,2025-07-17 23:06:19.204042,0 days 00:00:49.380284,32,67,0.003025905896642075,14,COMPLETE
379,0.00022277589596342295,2025-07-17 23:06:19.204563,2025-07-17 23:07:54.873929,0 days 00:01:35.669366,32,125,0.0036236127761985707,25,COMPLETE
380,0.00012383970897644758,2025-07-17 23:07:54.874973,2025-07-17 23:09:23.158890,0 days 00:01:28.283917,32,120,0.002617570468653863,24,COMPLETE
381,0.00024857447715476155,2025-07-17 23:09:23.159879,2025-07-17 23:10:09.612549,0 days 00:00:46.452670,32,40,0.0021008179753824042,24,COMPLETE
382,0.00031572504667565227,2025-07-17 23:10:09.613086,2025-07-17 23:11:07.797590,0 days 00:00:58.184504,32,53,0.00707553613548637,25,COMPLETE
383,0.00044775151764042675,2025-07-17 23:11:07.798366,2025-07-17 23:11:52.544338,0 days 00:00:44.745972,32,29,0.0025538377128382097,24,COMPLETE
384,0.0003815707459580153,2025-07-17 23:11:52.545067,2025-07-17 23:12:41.862359,0 days 00:00:49.317292,32,44,0.008341828711514536,23,COMPLETE
385,0.00020509588648565114,2025-07-17 23:12:41.862911,2025-07-17 23:14:15.109789,0 days 00:01:33.246878,32,121,0.0019270383487788633,25,COMPLETE
386,0.00022497927420772612,2025-07-17 23:14:15.110794,2025-07-17 23:15:42.680054,0 days 00:01:27.569260,32,126,0.0025206724674909325,21,COMPLETE
387,0.00026979396352544427,2025-07-17 23:15:42.681035,2025-07-17 23:16:57.137445,0 days 00:01:14.456410,32,78,0.00480628025567042,25,COMPLETE
388,0.00024136815045494586,2025-07-17 23:16:57.138415,2025-07-17 23:18:22.378109,0 days 00:01:25.239694,32,123,0.0032985799353496283,21,COMPLETE
389,0.00037312530912458897,2025-07-17 23:18:22.379126,2025-07-17 23:20:29.393680,0 days 00:02:07.014554,16,119,0.00024874233369222135,24,COMPLETE
390,0.00024826591834425926,2025-07-17 23:20:29.394677,2025-07-17 23:21:48.426356,0 days 00:01:19.031679,32,99,0.0028192923848279023,24,COMPLETE
391,0.00022773777891416103,2025-07-17 23:21:48.427117,2025-07-17 23:23:17.123233,0 days 00:01:28.696116,32,121,0.0023414359235719466,23,COMPLETE
392,0.0002397977514192462,2025-07-17 23:23:17.124235,2025-07-17 23:24:53.249890,0 days 00:01:36.125655,32,126,0.004080707047559866,25,COMPLETE
393,0.0003488481743261218,2025-07-17 23:24:53.250898,2025-07-17 23:26:21.110859,0 days 00:01:27.859961,32,123,0.0035938154595879027,22,COMPLETE
394,0.00029773509595543146,2025-07-17 23:26:21.111847,2025-07-17 23:27:34.588553,0 days 00:01:13.476706,128,106,0.0030740301773326405,24,COMPLETE
395,0.0002663856721483171,2025-07-17 23:27:34.589518,2025-07-17 23:29:08.460152,0 days 00:01:33.870634,32,118,0.002691513515778851,25,COMPLETE
396,0.00023341912310570478,2025-07-17 23:29:08.461136,2025-07-17 23:30:41.125375,0 days 00:01:32.664239,32,124,0.0022182765144943824,24,COMPLETE
397,0.0002575549588073045,2025-07-17 23:30:41.126371,2025-07-17 23:32:12.646428,0 days 00:01:31.520057,32,128,0.004266032635423099,25,COMPLETE
398,0.00011728787649190053,2025-07-17 23:32:12.647453,2025-07-17 23:33:38.243310,0 days 00:01:25.595857,32,120,0.001783914941565765,23,COMPLETE
399,0.0001732807868393138,2025-07-17 23:33:38.244323,2025-07-17 23:35:07.658770,0 days 00:01:29.414447,32,118,0.002037430524955561,23,COMPLETE
400,0.00025394506519660354,2025-07-17 23:35:07.659772,2025-07-17 23:36:38.391265,0 days 00:01:30.731493,32,119,0.005803638312428351,23,COMPLETE
401,0.0002441618125885725,2025-07-17 23:36:38.392239,2025-07-17 23:38:01.730401,0 days 00:01:23.338162,32,120,0.001969265500581979,22,COMPLETE
402,0.000233493308769539,2025-07-17 23:38:01.731436,2025-07-17 23:39:31.098896,0 days 00:01:29.367460,32,122,0.002399944899524063,23,COMPLETE
403,0.00015630207781214267,2025-07-17 23:39:31.099846,2025-07-17 23:40:44.932125,0 days 00:01:13.832279,32,91,0.004977443241825085,23,COMPLETE
404,0.0002717305615078658,2025-07-17 23:40:44.933125,2025-07-17 23:42:15.379923,0 days 00:01:30.446798,32,117,0.0033192187779651746,24,COMPLETE
405,9.67634841799736e-05,2025-07-17 23:42:15.380922,2025-07-17 23:43:48.179499,0 days 00:01:32.798577,32,121,0.002642218012358945,25,COMPLETE
406,0.0002196239511249587,2025-07-17 23:43:48.180495,2025-07-17 23:45:18.441900,0 days 00:01:30.261405,32,120,0.0017789239527186134,25,COMPLETE
407,0.00021432057837955654,2025-07-17 23:45:18.442850,2025-07-17 23:46:51.090075,0 days 00:01:32.647225,32,117,0.002456850080337386,25,COMPLETE
408,0.0002840752131305635,2025-07-17 23:46:51.091056,2025-07-17 23:47:40.970038,0 days 00:00:49.878982,32,47,0.0027429652369573435,20,COMPLETE
409,0.0002423507539788261,2025-07-17 23:47:40.970575,2025-07-17 23:49:08.695417,0 days 00:01:27.724842,32,109,0.0021900806803279156,25,COMPLETE
410,0.0002764659293461591,2025-07-17 23:49:08.696391,2025-07-17 23:50:35.146274,0 days 00:01:26.449883,32,103,0.002994033113089873,25,COMPLETE
411,0.0002452941262163222,2025-07-17 23:50:35.147232,2025-07-17 23:52:08.068327,0 days 00:01:32.921095,32,121,0.0018492822654095715,25,COMPLETE
412,0.00024497503181919456,2025-07-17 23:52:08.069109,2025-07-17 23:53:10.132266,0 days 00:01:02.063157,32,111,0.0015838178712008566,13,COMPLETE
413,0.00016115145990625024,2025-07-17 23:53:10.133011,2025-07-17 23:55:11.323764,0 days 00:02:01.190753,16,114,0.0026446029930724487,24,COMPLETE
414,0.00020703718473669142,2025-07-17 23:55:11.324783,2025-07-17 23:56:45.363657,0 days 00:01:34.038874,32,118,0.0034841513436742935,25,COMPLETE
415,0.00021294406906235963,2025-07-17 23:56:45.364648,2025-07-17 23:58:15.752645,0 days 00:01:30.387997,32,121,0.0021473662197217885,24,COMPLETE
416,0.00016745114407967776,2025-07-17 23:58:15.753651,2025-07-17 23:59:46.120580,0 days 00:01:30.366929,32,116,0.0030242799755457422,25,COMPLETE
417,0.00016111046716105193,2025-07-17 23:59:46.121580,2025-07-18 00:01:21.040254,0 days 00:01:34.918674,32,124,0.0025290905778242185,25,COMPLETE
418,0.00025791730149649084,2025-07-18 00:01:21.041249,2025-07-18 00:02:49.324042,0 days 00:01:28.282793,32,120,0.003735864131342829,24,COMPLETE
419,0.0013429255923256278,2025-07-18 00:02:49.325074,2025-07-18 00:03:42.606995,0 days 00:00:53.281921,128,122,0.0007003174178815294,17,COMPLETE
420,0.00022600228840019554,2025-07-18 00:03:42.607537,2025-07-18 00:05:11.963397,0 days 00:01:29.355860,32,113,0.0028989632955785188,25,COMPLETE
421,0.00024650231353007257,2025-07-18 00:05:11.964393,2025-07-18 00:06:47.453581,0 days 00:01:35.489188,32,125,0.0034220537926398643,24,COMPLETE
422,0.0002915257355198264,2025-07-18 00:06:47.454568,2025-07-18 00:08:21.284340,0 days 00:01:33.829772,32,118,0.002333193126210675,25,COMPLETE
423,0.00019084791711065918,2025-07-18 00:08:21.285372,2025-07-18 00:09:50.423554,0 days 00:01:29.138182,32,116,0.0016904085579334232,24,COMPLETE
424,0.00022160251683089882,2025-07-18 00:09:50.424574,2025-07-18 00:11:17.881013,0 days 00:01:27.456439,32,120,0.0025880075907338306,24,COMPLETE
425,0.00014343042857944965,2025-07-18 00:11:17.882039,2025-07-18 00:12:52.445395,0 days 00:01:34.563356,32,123,0.004072334387241957,25,COMPLETE
426,0.0001245972525794059,2025-07-18 00:12:52.446386,2025-07-18 00:14:27.019024,0 days 00:01:34.572638,32,123,0.003985227874910123,25,COMPLETE
427,0.0001746573980199173,2025-07-18 00:14:27.020015,2025-07-18 00:16:01.584577,0 days 00:01:34.564562,32,123,0.004416087527770166,25,COMPLETE
428,0.00028178258799016476,2025-07-18 00:16:01.585577,2025-07-18 00:17:37.859434,0 days 00:01:36.273857,32,126,0.004046602197704416,24,COMPLETE
429,0.00014576682588085532,2025-07-18 00:17:37.860462,2025-07-18 00:19:10.195009,0 days 00:01:32.334547,32,123,0.00378013057838671,24,COMPLETE
430,0.0001942804956343025,2025-07-18 00:19:10.196047,2025-07-18 00:20:24.730500,0 days 00:01:14.534453,32,125,0.004605530600503661,16,COMPLETE
431,0.0001787231449270621,2025-07-18 00:20:24.731513,2025-07-18 00:21:58.995876,0 days 00:01:34.264363,32,122,0.004335641486280585,25,COMPLETE
432,0.0002809520228765905,2025-07-18 00:21:58.996890,2025-07-18 00:23:35.169694,0 days 00:01:36.172804,32,126,0.0036219517057092996,25,COMPLETE
433,0.00014324365474749357,2025-07-18 00:23:35.170731,2025-07-18 00:25:02.931963,0 days 00:01:27.761232,32,120,0.004013850419715606,24,COMPLETE
434,0.0001740082079777494,2025-07-18 00:25:02.932967,2025-07-18 00:26:30.569545,0 days 00:01:27.636578,32,120,0.0033288158854734317,24,COMPLETE
435,0.00020357847097329795,2025-07-18 00:26:30.582818,2025-07-18 00:28:00.963946,0 days 00:01:30.381128,32,119,0.004964148506281398,23,COMPLETE
436,0.0002589165815152228,2025-07-18 00:28:00.964944,2025-07-18 00:29:29.021110,0 days 00:01:28.056166,32,121,0.003806281874811622,23,COMPLETE
437,0.0001837198797147721,2025-07-18 00:29:29.022046,2025-07-18 00:31:02.467811,0 days 00:01:33.445765,32,124,0.003214512613429215,24,COMPLETE
438,0.00019345816690474749,2025-07-18 00:31:02.468818,2025-07-18 00:32:22.690312,0 days 00:01:20.221494,32,94,0.004688341688455839,24,COMPLETE
439,0.00016644650895614177,2025-07-18 00:32:22.691303,2025-07-18 00:33:54.322461,0 days 00:01:31.631158,32,118,0.004011659374636651,24,COMPLETE
440,0.0002841948880814016,2025-07-18 00:33:54.323481,2025-07-18 00:35:22.247197,0 days 00:01:27.923716,32,121,0.0029194421816563136,23,COMPLETE
441,0.0002492648200131953,2025-07-18 00:35:22.248193,2025-07-18 00:36:54.399882,0 days 00:01:32.151689,32,128,0.00317552384847795,24,COMPLETE
442,0.00023262501053977758,2025-07-18 00:36:54.400910,2025-07-18 00:38:27.597840,0 days 00:01:33.196930,32,124,0.005536498102976108,24,COMPLETE
443,0.00021398806711658835,2025-07-18 00:38:27.598851,2025-07-18 00:39:19.271138,0 days 00:00:51.672287,32,50,0.003623205796178811,23,COMPLETE
444,0.0004169968597125262,2025-07-18 00:39:19.271915,2025-07-18 00:40:26.393965,0 days 00:01:07.122050,16,23,0.0027599023479109026,24,COMPLETE
445,0.00028761487919837236,2025-07-18 00:40:26.394983,2025-07-18 00:41:54.084332,0 days 00:01:27.689349,32,119,0.00439305709714941,22,COMPLETE
446,0.00020164312445558608,2025-07-18 00:41:54.085389,2025-07-18 00:43:29.083403,0 days 00:01:34.998014,32,122,0.0034213755982571963,25,COMPLETE
447,0.00021304446272552013,2025-07-18 00:43:29.084366,2025-07-18 00:45:01.762141,0 days 00:01:32.677775,32,117,0.002055016932260784,25,COMPLETE
448,0.0002651667164172977,2025-07-18 00:45:01.763169,2025-07-18 00:46:21.635970,0 days 00:01:19.872801,32,126,0.006205212421249406,18,COMPLETE
449,0.10177917778491974,2025-07-18 00:46:21.636990,2025-07-18 00:46:45.557353,0 days 00:00:23.920363,128,33,2.001471487978629e-05,24,COMPLETE
450,0.00023259191948454827,2025-07-18 00:46:45.557903,2025-07-18 00:48:13.053564,0 days 00:01:27.495661,32,121,0.002816227465542134,23,COMPLETE
451,0.00022192772303242236,2025-07-18 00:48:13.054564,2025-07-18 00:49:48.964718,0 days 00:01:35.910154,32,125,0.002301938107431703,25,COMPLETE
452,0.00019893766148015857,2025-07-18 00:49:48.965733,2025-07-18 00:51:21.281410,0 days 00:01:32.315677,32,119,0.003833039232766195,24,COMPLETE
453,0.0002899853861890733,2025-07-18 00:51:21.282441,2025-07-18 00:52:29.651818,0 days 00:01:08.369377,32,128,0.0031958062752389573,15,COMPLETE
454,0.0002684140345081687,2025-07-18 00:52:29.652811,2025-07-18 00:53:56.963883,0 days 00:01:27.311072,32,123,0.002532725309742758,22,COMPLETE
