number,value,datetime_start,datetime_complete,duration,params_batch_size,params_h,params_lr,params_seq_length,state
455,0.0002985386527143419,2025-07-18 00:53:56.964881,2025-07-18 00:55:13.795618,0 days 00:01:16.830737,32,116,0.005104694831606836,19,COMPLETE
456,0.00018400311819277704,2025-07-18 00:55:13.796656,2025-07-18 00:56:44.668588,0 days 00:01:30.871932,32,121,0.003979192399310204,24,COMPLETE
457,0.00022349752543959767,2025-07-18 00:56:44.669597,2025-07-18 00:58:20.904468,0 days 00:01:36.234871,32,125,0.002840745359213773,25,COMPLETE
458,0.00012642813089769334,2025-07-18 00:58:20.905468,2025-07-18 00:59:35.677256,0 days 00:01:14.771788,32,86,0.003517217023172726,23,COMPLETE
459,0.000292544427793473,2025-07-18 00:59:35.678309,2025-07-18 01:00:40.737723,0 days 00:01:05.059414,32,73,0.003306777659062483,23,COMPLETE
460,0.0001634839572943747,2025-07-18 01:00:40.738679,2025-07-18 01:01:54.716633,0 days 00:01:13.977954,32,91,0.0025192356422467053,23,COMPLETE
461,0.00028551893774420023,2025-07-18 01:01:54.717680,2025-07-18 01:03:07.813372,0 days 00:01:13.095692,32,86,0.0022136250833987934,22,COMPLETE
462,0.00020042395044583827,2025-07-18 01:03:07.814394,2025-07-18 01:04:04.632343,0 days 00:00:56.817949,32,61,0.0030336244540180657,22,COMPLETE
463,0.0002014256751863286,2025-07-18 01:04:04.633015,2025-07-18 01:05:38.981347,0 days 00:01:34.348332,32,126,0.0034069560657091456,23,COMPLETE
464,0.00025188460131175816,2025-07-18 01:05:38.982269,2025-07-18 01:06:51.069968,0 days 00:01:12.087699,32,83,0.00270820132742448,23,COMPLETE
465,0.0002895118377637118,2025-07-18 01:06:51.070972,2025-07-18 01:08:03.566498,0 days 00:01:12.495526,32,81,0.0018578294055458984,25,COMPLETE
466,0.00023531912302132696,2025-07-18 01:08:03.567515,2025-07-18 01:09:37.816487,0 days 00:01:34.248972,32,124,0.003624985976693173,25,COMPLETE
467,0.00019408208027016371,2025-07-18 01:09:37.817518,2025-07-18 01:11:28.149013,0 days 00:01:50.331495,16,96,0.0030108364881040166,25,COMPLETE
468,0.0002536536194384098,2025-07-18 01:11:28.150041,2025-07-18 01:12:35.545701,0 days 00:01:07.395660,32,76,0.004530653607875939,23,COMPLETE
469,0.0002147793275071308,2025-07-18 01:12:35.546728,2025-07-18 01:14:07.520417,0 days 00:01:31.973689,32,118,0.0023861584193911956,24,COMPLETE
470,0.00012443543528206646,2025-07-18 01:14:07.558753,2025-07-18 01:15:39.849687,0 days 00:01:32.290934,32,123,0.0021727159032791598,24,COMPLETE
471,0.00017197485431097448,2025-07-18 01:15:39.850757,2025-07-18 01:17:10.364011,0 days 00:01:30.513254,32,123,0.0014731790837694313,23,COMPLETE
472,0.00015428697224706411,2025-07-18 01:17:10.365040,2025-07-18 01:18:41.981043,0 days 00:01:31.616003,32,128,0.0019714950132102014,24,COMPLETE
473,0.002789985155686736,2025-07-18 01:18:41.982050,2025-07-18 01:19:16.262838,0 days 00:00:34.280788,128,55,0.0016738619666971145,22,COMPLETE
474,0.0002792784362100065,2025-07-18 01:19:16.263602,2025-07-18 01:20:18.091156,0 days 00:01:01.827554,32,122,0.0020909584280833404,11,COMPLETE
475,0.000143195764394477,2025-07-18 01:20:18.091757,2025-07-18 01:21:51.397408,0 days 00:01:33.305651,32,126,0.0023032669636677706,23,COMPLETE
476,0.00024831792688928545,2025-07-18 01:21:51.398436,2025-07-18 01:23:23.857234,0 days 00:01:32.458798,32,123,0.0026090511361494596,24,COMPLETE
477,0.00024476772523485124,2025-07-18 01:23:23.858281,2025-07-18 01:24:59.243484,0 days 00:01:35.385203,32,126,0.0021168875258785126,24,COMPLETE
478,0.0002736462338361889,2025-07-18 01:24:59.244524,2025-07-18 01:26:28.363011,0 days 00:01:29.118487,32,121,0.0017976715942910739,23,COMPLETE
479,0.00021893659140914679,2025-07-18 01:26:28.364040,2025-07-18 01:28:00.537057,0 days 00:01:32.173017,32,128,0.002609034772456183,24,COMPLETE
480,0.00011759232438635081,2025-07-18 01:28:00.538087,2025-07-18 01:29:34.344339,0 days 00:01:33.806252,32,124,0.002328859146190891,24,COMPLETE
481,0.00019429386884439737,2025-07-18 01:29:34.345341,2025-07-18 01:30:57.062151,0 days 00:01:22.716810,32,101,0.001931253133637976,24,COMPLETE
482,0.0002762109797913581,2025-07-18 01:30:57.063191,2025-07-18 01:32:28.415251,0 days 00:01:31.352060,32,123,0.0012332956782800963,23,COMPLETE
483,0.0002604086184874177,2025-07-18 01:32:28.416271,2025-07-18 01:34:04.226837,0 days 00:01:35.810566,32,125,0.002215261336686783,24,COMPLETE
484,0.0002172388631151989,2025-07-18 01:34:04.227865,2025-07-18 01:35:41.223654,0 days 00:01:36.995789,32,125,0.002389552774843789,25,COMPLETE
485,0.00026344519574195147,2025-07-18 01:35:41.224679,2025-07-18 01:37:02.747918,0 days 00:01:21.523239,32,120,0.0016515329411612913,21,COMPLETE
486,0.00014037943037692457,2025-07-18 01:37:02.749011,2025-07-18 01:38:39.079410,0 days 00:01:36.330399,32,126,0.0027232947289643713,24,COMPLETE
487,0.0002496655797585845,2025-07-18 01:38:39.080430,2025-07-18 01:39:37.022349,0 days 00:00:57.941919,32,58,0.003055333310534928,25,COMPLETE
488,0.0002076922100968659,2025-07-18 01:39:37.023158,2025-07-18 01:41:06.264912,0 days 00:01:29.241754,32,119,0.002068067261466353,22,COMPLETE
489,0.00023129754117690027,2025-07-18 01:41:06.265924,2025-07-18 01:42:37.796282,0 days 00:01:31.530358,32,123,0.002335532082555611,23,COMPLETE
490,0.00021993156406097114,2025-07-18 01:42:37.797256,2025-07-18 01:44:10.259539,0 days 00:01:32.462283,32,128,0.0032756455943354582,24,COMPLETE
491,0.00021713183377869427,2025-07-18 01:44:10.260447,2025-07-18 01:46:21.878389,0 days 00:02:11.617942,16,122,0.0028033785282995504,25,COMPLETE
492,0.0001442229695385322,2025-07-18 01:46:21.879442,2025-07-18 01:47:53.896807,0 days 00:01:32.017365,32,117,0.002447658298178249,24,COMPLETE
493,0.00025919105974026024,2025-07-18 01:47:53.897856,2025-07-18 01:49:25.982182,0 days 00:01:32.084326,32,124,0.0018221099362914067,23,COMPLETE
494,0.0002037768717855215,2025-07-18 01:49:25.983218,2025-07-18 01:50:57.826098,0 days 00:01:31.842880,32,120,0.0033854965336141477,25,COMPLETE
495,0.0002379272918915376,2025-07-18 01:50:57.827149,2025-07-18 01:52:31.960229,0 days 00:01:34.133080,32,124,0.001446495428665029,24,COMPLETE
496,0.00018801901023834944,2025-07-18 01:52:31.961249,2025-07-18 01:53:48.211317,0 days 00:01:16.250068,32,89,0.0067027615635410435,25,COMPLETE
497,0.00025872571859508753,2025-07-18 01:53:48.212360,2025-07-18 01:55:11.182595,0 days 00:01:22.970235,128,117,0.002997427438123379,24,COMPLETE
498,0.00014475331408903003,2025-07-18 01:55:11.183643,2025-07-18 01:56:48.724802,0 days 00:01:37.541159,32,126,0.004172821773822962,25,COMPLETE
499,0.0002681017213035375,2025-07-18 01:56:48.725835,2025-07-18 01:58:20.204392,0 days 00:01:31.478557,32,121,0.0021296219561390923,24,COMPLETE
