number,value,datetime_start,datetime_complete,duration,params_batch_size,params_h,params_lr,params_seq_length,state
0,0.00029575033113360405,2025-07-17 14:50:31.952615,2025-07-17 14:51:37.558986,0 days 00:01:05.606371,32,120,0.0006971806570680486,8,COMPLETE
1,0.0007475562742911279,2025-07-17 14:51:37.559836,2025-07-17 14:52:04.617227,0 days 00:00:27.057391,128,38,0.0025719919275722547,21,COMPLETE
2,0.00022856066061649472,2025-07-17 14:52:04.617997,2025-07-17 14:52:55.147752,0 days 00:00:50.529755,32,57,0.0018137075099597636,19,COMPLETE
3,0.00018079159781336784,2025-07-17 14:52:55.148563,2025-07-17 14:53:53.538885,0 days 00:00:58.390322,16,67,0.0013794464136357503,5,COMPLETE
4,0.0005943856667727232,2025-07-17 14:53:53.539704,2025-07-17 14:54:56.732713,0 days 00:01:03.193009,128,106,0.0021122864022065334,21,COMPLETE
5,0.0009317633230239153,2025-07-17 14:54:56.733508,2025-07-17 14:55:22.683585,0 days 00:00:25.950077,64,74,0.00038879141786732986,7,COMPLETE
6,0.0004095742478966713,2025-07-17 14:55:22.684019,2025-07-17 14:56:20.930291,0 days 00:00:58.246272,16,46,0.0011376323058353616,8,COMPLETE
7,0.00539639126509428,2025-07-17 14:56:20.930871,2025-07-17 14:57:15.200570,0 days 00:00:54.269699,16,32,4.9636604914271855e-05,13,COMPLETE
8,0.0035944636911153793,2025-07-17 14:57:15.201154,2025-07-17 14:58:04.961485,0 days 00:00:49.760331,32,73,1.110070399083641e-05,14,COMPLETE
9,0.007624885067343712,2025-07-17 14:58:04.962083,2025-07-17 14:59:03.985052,0 days 00:00:59.022969,32,106,3.451792074927596e-05,14,COMPLETE
10,0.0008333669393323362,2025-07-17 14:59:03.985646,2025-07-17 14:59:46.995807,0 days 00:00:43.010161,16,8,0.007933562049918597,5,COMPLETE
11,0.0003351089544594288,2025-07-17 14:59:46.996384,2025-07-17 15:00:23.247189,0 days 00:00:36.250805,64,60,0.008593710384376653,18,COMPLETE
12,0.0016785896150395274,2025-07-17 15:00:23.247785,2025-07-17 15:01:40.542048,0 days 00:01:17.294263,32,87,0.00019836695853708042,25,COMPLETE
13,0.00046613605809397995,2025-07-17 15:01:40.542841,2025-07-17 15:02:45.443366,0 days 00:01:04.900525,16,57,0.0031196407013899174,11,COMPLETE
14,0.0007759276195429265,2025-07-17 15:02:45.444140,2025-07-17 15:03:49.074605,0 days 00:01:03.630465,32,86,0.00016184037303557165,18,COMPLETE
15,0.0016829455271363258,2025-07-17 15:03:49.075438,2025-07-17 15:04:47.120281,0 days 00:00:58.044843,16,21,0.0008727049762348786,18,COMPLETE
16,0.0005907114245928824,2025-07-17 15:04:47.120869,2025-07-17 15:05:19.141739,0 days 00:00:32.020870,128,50,0.004436341713065672,25,COMPLETE
17,0.0005296693416312337,2025-07-17 15:05:19.142344,2025-07-17 15:05:55.291869,0 days 00:00:36.149525,64,86,0.0004368426940684772,11,COMPLETE
18,0.0002181335585191846,2025-07-17 15:05:55.292477,2025-07-17 15:06:54.502703,0 days 00:00:59.210226,32,67,0.0013946332238994241,21,COMPLETE
19,0.001979745924472809,2025-07-17 15:06:54.503305,2025-07-17 15:08:31.685284,0 days 00:01:37.181979,16,70,0.00012055760469200474,23,COMPLETE
20,0.00020038879301864654,2025-07-17 15:08:31.686092,2025-07-17 15:09:31.917422,0 days 00:01:00.231330,32,97,0.000990752299903266,16,COMPLETE
21,0.00040225821430794895,2025-07-17 15:09:31.918027,2025-07-17 15:10:33.957664,0 days 00:01:02.039637,32,99,0.001186935879309765,16,COMPLETE
22,0.0002817725180648267,2025-07-17 15:10:33.958460,2025-07-17 15:11:29.441618,0 days 00:00:55.483158,32,81,0.0005556917488072488,16,COMPLETE
23,0.0004191496700514108,2025-07-17 15:11:29.442220,2025-07-17 15:12:29.388018,0 days 00:00:59.945798,32,121,0.004195482811453898,11,COMPLETE
24,0.00020854976901318878,2025-07-17 15:12:29.388625,2025-07-17 15:13:38.411667,0 days 00:01:09.023042,32,96,0.0013831867440474036,21,COMPLETE
25,0.0005782838561572134,2025-07-17 15:13:38.412496,2025-07-17 15:15:25.553242,0 days 00:01:47.140746,16,98,0.0002291400168018288,23,COMPLETE
26,0.0005414105835370719,2025-07-17 15:15:25.554099,2025-07-17 15:15:55.497672,0 days 00:00:29.943573,64,128,0.0008328435648006881,5,COMPLETE
27,0.00031518368632532656,2025-07-17 15:15:55.498270,2025-07-17 15:16:45.286054,0 days 00:00:49.787784,128,100,0.004604078227119541,16,COMPLETE
28,0.000653345079626888,2025-07-17 15:16:45.286663,2025-07-17 15:17:42.392783,0 days 00:00:57.106120,32,110,0.0003608581080603739,12,COMPLETE
29,0.00032183140865527093,2025-07-17 15:17:42.393389,2025-07-17 15:18:30.493697,0 days 00:00:48.100308,32,91,0.0006627817513587273,9,COMPLETE
30,0.0003371144994162023,2025-07-17 15:18:30.494292,2025-07-17 15:20:18.483410,0 days 00:01:47.989118,16,114,0.0016965900916240098,20,COMPLETE
31,0.00025161507073789835,2025-07-17 15:20:18.484250,2025-07-17 15:21:17.935454,0 days 00:00:59.451204,32,65,0.0010664750234999603,23,COMPLETE
32,0.0002428999578114599,2025-07-17 15:21:17.936057,2025-07-17 15:22:19.741491,0 days 00:01:01.805434,32,80,0.0013924664251940759,21,COMPLETE
33,0.0002992042282130569,2025-07-17 15:22:19.742322,2025-07-17 15:23:13.673903,0 days 00:00:53.931581,32,65,0.0028053277058021544,19,COMPLETE
34,0.00017192152154166251,2025-07-17 15:23:13.674497,2025-07-17 15:24:26.191297,0 days 00:01:12.516800,32,94,0.00230570753340484,21,COMPLETE
35,0.0006665615946985781,2025-07-17 15:24:26.192123,2025-07-17 15:25:26.979542,0 days 00:01:00.787419,128,94,0.0023874590808366436,22,COMPLETE
36,0.0003628498816397041,2025-07-17 15:25:26.980154,2025-07-17 15:26:28.822214,0 days 00:01:01.842060,32,78,0.0005777899346442251,19,COMPLETE
37,0.00018370569159742445,2025-07-17 15:26:28.822844,2025-07-17 15:27:17.684123,0 days 00:00:48.861279,32,116,0.002106676351984565,7,COMPLETE
38,0.0002320716594113037,2025-07-17 15:27:17.684723,2025-07-17 15:27:48.982179,0 days 00:00:31.297456,64,115,0.005686117409237319,6,COMPLETE
39,0.0004452300490811467,2025-07-17 15:27:48.982765,2025-07-17 15:28:26.092992,0 days 00:00:37.110227,128,124,0.0018434071698865415,9,COMPLETE
40,0.0004531587183009833,2025-07-17 15:28:26.093506,2025-07-17 15:29:37.962745,0 days 00:01:11.869239,16,104,0.0028104153126542897,7,COMPLETE
41,0.00017609907081350684,2025-07-17 15:29:37.963527,2025-07-17 15:30:27.285768,0 days 00:00:49.322241,32,111,0.0022306404698194475,7,COMPLETE
42,0.00021186195954214782,2025-07-17 15:30:27.286358,2025-07-17 15:31:18.869100,0 days 00:00:51.582742,32,116,0.00210954756992377,8,COMPLETE
43,0.00021128013031557202,2025-07-17 15:31:18.869700,2025-07-17 15:32:03.424671,0 days 00:00:44.554971,32,108,0.0035042117978117413,6,COMPLETE
44,0.0003632430452853441,2025-07-17 15:32:03.425237,2025-07-17 15:32:55.251673,0 days 00:00:51.826436,32,103,0.0008900182119979781,9,COMPLETE
45,0.0002522725553717464,2025-07-17 15:32:55.252277,2025-07-17 15:33:41.583560,0 days 00:00:46.331283,32,120,0.006438788331872559,6,COMPLETE
46,0.00019211438484489918,2025-07-17 15:33:41.584159,2025-07-17 15:34:12.856846,0 days 00:00:31.272687,32,36,0.0019698253765244285,7,COMPLETE
47,0.00026397936744615436,2025-07-17 15:34:12.857450,2025-07-17 15:35:06.327906,0 days 00:00:53.470456,16,41,0.001965783353211118,7,COMPLETE
48,0.00029801149503327906,2025-07-17 15:35:06.328498,2025-07-17 15:35:35.092297,0 days 00:00:28.763799,32,29,0.009920931505814837,5,COMPLETE
49,0.001527551212348044,2025-07-17 15:35:35.092892,2025-07-17 15:35:49.821853,0 days 00:00:14.728961,64,8,0.006522027887866547,8,COMPLETE
50,0.0011903302511200309,2025-07-17 15:35:49.822239,2025-07-17 15:36:47.460599,0 days 00:00:57.638360,16,53,7.826327012512152e-05,7,COMPLETE
51,0.00027914310339838266,2025-07-17 15:36:47.461203,2025-07-17 15:37:37.996044,0 days 00:00:50.534841,32,91,0.0034670247046948077,10,COMPLETE
52,0.007719438523054123,2025-07-17 15:37:37.996646,2025-07-17 15:38:39.219607,0 days 00:01:01.222961,32,112,1.403001675920736e-05,15,COMPLETE
53,0.0007972650928422809,2025-07-17 15:38:39.220222,2025-07-17 15:39:11.235831,0 days 00:00:32.015609,32,26,0.001593668827881948,13,COMPLETE
54,0.0006030621589161456,2025-07-17 15:39:11.236430,2025-07-17 15:39:40.873001,0 days 00:00:29.636571,32,41,0.0004885243070081093,5,COMPLETE
55,0.004626079462468624,2025-07-17 15:39:40.873393,2025-07-17 15:40:08.231253,0 days 00:00:27.357860,32,16,0.0011186788612637078,10,COMPLETE
56,0.00018648302648216486,2025-07-17 15:40:08.231821,2025-07-17 15:40:52.832390,0 days 00:00:44.600569,32,107,0.0022298976767316596,6,COMPLETE
57,0.00024582285550422966,2025-07-17 15:40:52.832998,2025-07-17 15:41:37.370911,0 days 00:00:44.537913,32,107,0.0023889495886775867,6,COMPLETE
58,0.0003447262570261955,2025-07-17 15:41:37.371518,2025-07-17 15:42:29.881947,0 days 00:00:52.510429,16,34,0.005294736418852886,7,COMPLETE
59,0.000355884141754359,2025-07-17 15:42:29.882551,2025-07-17 15:43:00.380516,0 days 00:00:30.497965,128,118,0.003796806762096794,8,COMPLETE
60,0.0006474237889051437,2025-07-17 15:43:00.381146,2025-07-17 15:43:36.653474,0 days 00:00:36.272328,32,74,0.0006928100714400583,5,COMPLETE
61,0.00022567203268408775,2025-07-17 15:43:36.654083,2025-07-17 15:44:42.978841,0 days 00:01:06.324758,32,102,0.0009241848948937222,17,COMPLETE
62,0.0002167562342947349,2025-07-17 15:44:42.979706,2025-07-17 15:45:31.989826,0 days 00:00:49.010120,32,126,0.0027523544440273733,6,COMPLETE
63,0.0002341168437851593,2025-07-17 15:45:31.990439,2025-07-17 15:46:22.705310,0 days 00:00:50.714871,32,87,0.0014222833324627618,10,COMPLETE
64,0.00023252661048900336,2025-07-17 15:46:22.705740,2025-07-17 15:47:25.338269,0 days 00:01:02.632529,32,111,0.0019123471683841445,14,COMPLETE
65,0.00018762719992082566,2025-07-17 15:47:25.339106,2025-07-17 15:48:46.012364,0 days 00:01:20.673258,32,95,0.002332743511433068,24,COMPLETE
66,0.00020801347272936255,2025-07-17 15:48:46.013182,2025-07-17 15:50:04.346176,0 days 00:01:18.332994,64,122,0.003257740134915212,24,COMPLETE
67,0.00024439991102553904,2025-07-17 15:50:04.346999,2025-07-17 15:50:51.025080,0 days 00:00:46.678081,32,48,0.0046523125119517965,24,COMPLETE
68,0.00019605259876698256,2025-07-17 15:50:51.025692,2025-07-17 15:52:14.559283,0 days 00:01:23.533591,16,55,0.002251141171513312,22,COMPLETE
69,0.00043377524707466364,2025-07-17 15:52:14.560144,2025-07-17 15:53:31.886659,0 days 00:01:17.326515,32,92,0.0016154219931451663,25,COMPLETE
70,0.00016079960914794356,2025-07-17 15:53:31.887511,2025-07-17 15:54:22.791640,0 days 00:00:50.904129,32,106,0.0013634485947125778,9,COMPLETE
71,0.00020410357683431357,2025-07-17 15:54:22.792251,2025-07-17 15:55:01.336748,0 days 00:00:38.544497,32,61,0.001240267264051848,8,COMPLETE
72,0.00020483467960730195,2025-07-17 15:55:01.337369,2025-07-17 15:55:47.941652,0 days 00:00:46.604283,32,106,0.0026779724191088898,7,COMPLETE
73,0.0002007708535529673,2025-07-17 15:55:47.942266,2025-07-17 15:56:31.695255,0 days 00:00:43.752989,32,100,0.002188969948005846,6,COMPLETE
74,0.0005016810609959066,2025-07-17 15:56:31.695863,2025-07-17 15:57:10.956410,0 days 00:00:39.260547,32,96,0.0007777470074752272,5,COMPLETE
75,0.00020067844889126718,2025-07-17 15:57:10.956985,2025-07-17 15:57:57.040322,0 days 00:00:46.083337,32,82,0.001623157490822381,9,COMPLETE
76,0.0007862013881094754,2025-07-17 15:57:57.040746,2025-07-17 15:58:23.751199,0 days 00:00:26.710453,128,109,0.0012341115067753736,7,COMPLETE
77,0.0004103627288714051,2025-07-17 15:58:23.751793,2025-07-17 15:59:33.799351,0 days 00:01:10.047558,16,102,0.0038348708233470084,6,COMPLETE
78,0.00026825073291547596,2025-07-17 15:59:33.800169,2025-07-17 16:00:54.735022,0 days 00:01:20.934853,32,118,0.0018921634356421225,20,COMPLETE
79,0.00026478516520000994,2025-07-17 16:00:54.735890,2025-07-17 16:01:45.822858,0 days 00:00:51.086968,32,113,0.003085808849238607,8,COMPLETE
80,0.0005491133197210729,2025-07-17 16:01:45.823293,2025-07-17 16:02:13.149159,0 days 00:00:27.325866,64,105,0.000981735161808753,5,COMPLETE
81,0.00033583876211196184,2025-07-17 16:02:13.149750,2025-07-17 16:03:33.042609,0 days 00:01:19.892859,16,56,0.002400815284023032,22,COMPLETE
82,0.00046278623631224036,2025-07-17 16:03:33.043478,2025-07-17 16:05:05.796182,0 days 00:01:32.752704,16,72,0.002111173211256208,22,COMPLETE
83,0.00027148742810823023,2025-07-17 16:05:05.796977,2025-07-17 16:06:34.835680,0 days 00:01:29.038703,16,61,0.0014112742172936637,23,COMPLETE
84,0.0002448786108288914,2025-07-17 16:06:34.836502,2025-07-17 16:08:14.609394,0 days 00:01:39.772892,16,70,0.004401219534895084,24,COMPLETE
85,0.0002009604504564777,2025-07-17 16:08:14.610217,2025-07-17 16:09:18.423813,0 days 00:01:03.813596,16,78,0.0030471652601903446,6,COMPLETE
86,0.0005345059907995164,2025-07-17 16:09:18.424653,2025-07-17 16:10:25.618941,0 days 00:01:07.194288,32,83,0.0024059336469775534,21,COMPLETE
87,0.0003474399563856423,2025-07-17 16:10:25.619752,2025-07-17 16:11:52.544929,0 days 00:01:26.925177,16,65,0.0016942203486609564,20,COMPLETE
88,0.00016433780547231436,2025-07-17 16:11:52.545773,2025-07-17 16:13:21.892420,0 days 00:01:29.346647,32,115,0.007614032307561361,25,COMPLETE
89,0.000351247435901314,2025-07-17 16:13:21.893227,2025-07-17 16:14:51.880235,0 days 00:01:29.987008,32,116,0.00787576159401204,25,COMPLETE
90,0.00026689874357543886,2025-07-17 16:14:51.881045,2025-07-17 16:15:43.111518,0 days 00:00:51.230473,32,94,0.005414555235641485,9,COMPLETE
91,0.00025805062614381313,2025-07-17 16:15:43.111969,2025-07-17 16:17:06.036363,0 days 00:01:22.924394,32,108,0.006679612166516332,24,COMPLETE
92,0.0010368124349042773,2025-07-17 16:17:06.037195,2025-07-17 16:17:55.091781,0 days 00:00:49.054586,32,44,0.0003029802216735507,23,COMPLETE
93,0.00019836288993246853,2025-07-17 16:17:55.092394,2025-07-17 16:19:18.833334,0 days 00:01:23.740940,32,111,0.0011131489439196714,22,COMPLETE
94,0.00036245916271582246,2025-07-17 16:19:18.834151,2025-07-17 16:20:14.130015,0 days 00:00:55.295864,32,52,0.0037029035577955463,25,COMPLETE
95,0.0011383588425815105,2025-07-17 16:20:14.130643,2025-07-17 16:20:28.084844,0 days 00:00:13.954201,128,36,0.002117640325922794,7,COMPLETE
96,0.00013263114669825882,2025-07-17 16:20:28.085237,2025-07-17 16:21:55.604081,0 days 00:01:27.518844,32,120,0.0026354315240999238,24,COMPLETE
97,0.00014558732800651342,2025-07-17 16:21:55.604888,2025-07-17 16:23:25.846744,0 days 00:01:30.241856,32,128,0.002829023522905513,24,COMPLETE
98,0.00020982162095606327,2025-07-17 16:23:25.847554,2025-07-17 16:24:57.261750,0 days 00:01:31.414196,32,128,0.004966333152346433,24,COMPLETE
99,0.0002919430553447455,2025-07-17 16:24:57.262567,2025-07-17 16:26:30.679625,0 days 00:01:33.417058,32,123,0.009904529585828853,25,COMPLETE
100,0.0002906129229813814,2025-07-17 16:26:30.680474,2025-07-17 16:28:00.771088,0 days 00:01:30.090614,32,119,0.0027137957926950287,23,COMPLETE
101,0.0002932444913312793,2025-07-17 16:28:00.771921,2025-07-17 16:29:36.800477,0 days 00:01:36.028556,32,125,0.0014559842134947896,25,COMPLETE
102,0.00024344718258362263,2025-07-17 16:29:36.801320,2025-07-17 16:31:04.852286,0 days 00:01:28.050966,32,115,0.001820777038127163,24,COMPLETE
103,0.00022530581918545067,2025-07-17 16:31:04.853142,2025-07-17 16:31:49.839252,0 days 00:00:44.986110,32,121,0.0032382789838793246,5,COMPLETE
104,0.00023561783018521965,2025-07-17 16:31:49.839848,2025-07-17 16:32:51.829552,0 days 00:01:01.989704,32,112,0.004134645013619197,15,COMPLETE
105,0.00015281779633369297,2025-07-17 16:32:51.830181,2025-07-17 16:33:45.362494,0 days 00:00:53.532313,32,118,0.001298805137726117,8,COMPLETE
106,0.00019166318816132843,2025-07-17 16:33:45.363011,2025-07-17 16:35:12.245531,0 days 00:01:26.882520,32,117,0.0012858280636053546,23,COMPLETE
107,0.0002513214712962508,2025-07-17 16:35:12.246407,2025-07-17 16:36:46.985366,0 days 00:01:34.738959,32,126,0.0007777674190640781,24,COMPLETE
108,0.00027112485258840024,2025-07-17 16:36:46.986219,2025-07-17 16:37:39.315155,0 days 00:00:52.328936,32,120,0.0025888391294467137,8,COMPLETE
109,0.00018691930745262653,2025-07-17 16:37:39.315640,2025-07-17 16:38:24.780184,0 days 00:00:45.464544,64,114,0.0015083282381338312,12,COMPLETE
110,0.0006221187068149447,2025-07-17 16:38:24.780781,2025-07-17 16:39:07.908305,0 days 00:00:43.127524,64,114,0.0006008544558884432,11,COMPLETE
111,0.00022669245663564652,2025-07-17 16:39:07.908912,2025-07-17 16:39:51.279037,0 days 00:00:43.370125,64,122,0.0015119574500697473,10,COMPLETE
112,0.00019960198551416397,2025-07-17 16:39:51.279488,2025-07-17 16:40:38.609358,0 days 00:00:47.329870,64,109,0.0016964694709928707,13,COMPLETE
113,0.0004486901161726564,2025-07-17 16:40:38.609988,2025-07-17 16:41:11.933309,0 days 00:00:33.323321,64,104,0.0010842351627224586,8,COMPLETE
114,0.0010462080826982856,2025-07-17 16:41:11.933939,2025-07-17 16:42:03.958546,0 days 00:00:52.024607,32,124,0.00012655949413447018,7,COMPLETE
115,0.003926884848624468,2025-07-17 16:42:03.958954,2025-07-17 16:42:44.901462,0 days 00:00:40.942508,64,99,2.7796743838439024e-05,12,COMPLETE
116,0.00023055999190546572,2025-07-17 16:42:44.902118,2025-07-17 16:43:43.293232,0 days 00:00:58.391114,32,114,0.0030153990247893604,12,COMPLETE
117,0.00026249373331665993,2025-07-17 16:43:43.293843,2025-07-17 16:44:38.681028,0 days 00:00:55.387185,32,117,0.0020051277378554722,9,COMPLETE
118,0.0002457483788020909,2025-07-17 16:44:38.681671,2025-07-17 16:45:23.456438,0 days 00:00:44.774767,32,101,0.0013273910776329103,6,COMPLETE
119,0.0004703830636572093,2025-07-17 16:45:23.456875,2025-07-17 16:46:23.550954,0 days 00:01:00.094079,128,110,0.0009630070567047968,17,COMPLETE
120,0.00014519235992338508,2025-07-17 16:46:23.551595,2025-07-17 16:47:46.987069,0 days 00:01:23.435474,32,106,0.0024917586709609424,25,COMPLETE
121,0.0002340249193366617,2025-07-17 16:47:46.987945,2025-07-17 16:49:08.808389,0 days 00:01:21.820444,32,105,0.002381506259160781,25,COMPLETE
122,0.00017804889648687094,2025-07-17 16:49:08.809243,2025-07-17 16:50:41.968048,0 days 00:01:33.158805,32,119,0.0018205803812947233,24,COMPLETE
123,0.00019802515453193337,2025-07-17 16:50:41.968910,2025-07-17 16:52:15.797696,0 days 00:01:33.828786,32,128,0.001765810773131641,25,COMPLETE
124,0.00013105642574373633,2025-07-17 16:52:15.798572,2025-07-17 16:53:47.444859,0 days 00:01:31.646287,32,118,0.002757479529928003,24,COMPLETE
125,0.00021188511163927615,2025-07-17 16:53:47.445730,2025-07-17 16:55:20.037687,0 days 00:01:32.591957,32,119,0.0033305419633105275,24,COMPLETE
126,0.00023348913236986846,2025-07-17 16:55:20.038561,2025-07-17 16:56:40.426373,0 days 00:01:20.387812,32,107,0.002717387806743099,23,COMPLETE
127,0.00013184388808440417,2025-07-17 16:56:40.427225,2025-07-17 16:58:12.564609,0 days 00:01:32.137384,32,122,0.003816985696496002,24,COMPLETE
128,0.00017843286332208663,2025-07-17 16:58:12.565471,2025-07-17 16:59:46.661982,0 days 00:01:34.096511,32,124,0.006183944137636244,24,COMPLETE
129,0.0002714841684792191,2025-07-17 16:59:46.662802,2025-07-17 17:01:19.477855,0 days 00:01:32.815053,32,125,0.008074026322886807,23,COMPLETE
130,0.00023397560289595276,2025-07-17 17:01:19.478827,2025-07-17 17:02:52.755625,0 days 00:01:33.276798,32,123,0.0074588054793999535,24,COMPLETE
131,0.0002433301560813561,2025-07-17 17:02:52.756446,2025-07-17 17:04:24.203770,0 days 00:01:31.447324,32,120,0.005859498277553851,25,COMPLETE
132,0.00027907142066396773,2025-07-17 17:04:24.204632,2025-07-17 17:05:52.715338,0 days 00:01:28.510706,32,116,0.004106751826598346,24,COMPLETE
133,0.0002050085022347048,2025-07-17 17:05:52.716177,2025-07-17 17:07:30.525268,0 days 00:01:37.809091,32,126,0.0048605062211204845,25,COMPLETE
134,0.00015769600577186793,2025-07-17 17:07:30.526131,2025-07-17 17:08:57.628227,0 days 00:01:27.102096,32,121,0.003704423794687109,23,COMPLETE
135,0.00019144362886436284,2025-07-17 17:08:57.629091,2025-07-17 17:10:26.592332,0 days 00:01:28.963241,32,121,0.0036231252032070498,23,COMPLETE
136,0.00019293741206638515,2025-07-17 17:10:26.593199,2025-07-17 17:11:57.558754,0 days 00:01:30.965555,32,118,0.006163259117741418,24,COMPLETE
137,0.00025610378361307085,2025-07-17 17:11:57.559633,2025-07-17 17:13:30.494006,0 days 00:01:32.934373,32,128,0.00903872957826252,24,COMPLETE
138,0.00024182553170248866,2025-07-17 17:13:30.494877,2025-07-17 17:14:48.323767,0 days 00:01:17.828890,32,112,0.007091512828194764,22,COMPLETE
139,0.000161531672347337,2025-07-17 17:14:48.324590,2025-07-17 17:16:24.152498,0 days 00:01:35.827908,32,124,0.004601789220369497,25,COMPLETE
140,0.0002962718717753887,2025-07-17 17:16:24.153361,2025-07-17 17:17:59.360737,0 days 00:01:35.207376,32,123,0.004447632174531343,25,COMPLETE
141,0.00010745260078692809,2025-07-17 17:17:59.361605,2025-07-17 17:19:35.788623,0 days 00:01:36.427018,32,125,0.003421106284736158,25,COMPLETE
142,0.00025922025088220835,2025-07-17 17:19:35.789451,2025-07-17 17:21:12.559636,0 days 00:01:36.770185,32,125,0.005389691008041802,25,COMPLETE
143,0.0002565881877671927,2025-07-17 17:21:12.648554,2025-07-17 17:22:43.676525,0 days 00:01:31.027971,32,121,0.0037655203556356247,24,COMPLETE
144,0.00020584501908160746,2025-07-17 17:22:43.677351,2025-07-17 17:24:17.617030,0 days 00:01:33.939679,32,118,0.0031859546584527623,25,COMPLETE
145,9.501523163635284e-05,2025-07-17 17:24:17.617892,2025-07-17 17:25:54.495110,0 days 00:01:36.877218,32,126,0.0028186865381464943,24,COMPLETE
146,0.00028040161123499274,2025-07-17 17:25:54.495956,2025-07-17 17:27:24.555991,0 days 00:01:30.060035,32,128,0.002736680964744403,23,COMPLETE
147,0.00012063119356753305,2025-07-17 17:27:24.556869,2025-07-17 17:28:57.737605,0 days 00:01:33.180736,32,121,0.004011493956063236,25,COMPLETE
148,0.00020815193420276046,2025-07-17 17:28:57.738495,2025-07-17 17:30:32.598481,0 days 00:01:34.859986,32,122,0.00418618334689301,25,COMPLETE
149,0.00020322841010056436,2025-07-17 17:30:32.599343,2025-07-17 17:32:09.573979,0 days 00:01:36.974636,32,126,0.003445066866129913,25,COMPLETE
150,0.00018544320482760668,2025-07-17 17:32:09.574873,2025-07-17 17:33:39.190837,0 days 00:01:29.615964,32,114,0.002847730137561278,25,COMPLETE
151,0.00024228890833910555,2025-07-17 17:33:39.191934,2025-07-17 17:35:13.041672,0 days 00:01:33.849738,32,119,0.002505047158714304,24,COMPLETE
