number,value,datetime_start,datetime_complete,duration,params_batch_size,params_h,params_lr,params_seq_length,state
303,0.0003374115622136742,2025-07-18 07:19:32.640269,2025-07-18 07:22:43.416918,0 days 00:03:10.776649,16,128,0.0008433265151550472,24,COMPLETE
304,0.0003486289642751217,2025-07-18 07:22:43.417962,2025-07-18 07:25:56.521503,0 days 00:03:13.103541,16,121,0.0011731124412376207,23,COMPLETE
305,0.00038559461245313287,2025-07-18 07:25:56.522563,2025-07-18 07:29:18.977074,0 days 00:03:22.454511,16,117,0.0009797873616598386,25,COMPLETE
306,0.0004137027426622808,2025-07-18 07:29:18.978148,2025-07-18 07:31:13.458233,0 days 00:01:54.480085,16,126,0.001370303872047877,12,COMPLETE
307,0.0003517919103614986,2025-07-18 07:31:13.459272,2025-07-18 07:34:32.691334,0 days 00:03:19.232062,16,123,0.0011488239897146678,24,COMPLETE
308,0.00034705744474194944,2025-07-18 07:34:32.692387,2025-07-18 07:37:35.933178,0 days 00:03:03.240791,16,120,0.0015281394418877956,23,COMPLETE
309,0.00035970075987279415,2025-07-18 07:37:35.934237,2025-07-18 07:40:51.271383,0 days 00:03:15.337146,16,124,0.0008974586638455532,24,COMPLETE
310,0.00036519236164167523,2025-07-18 07:40:51.272418,2025-07-18 07:42:36.624475,0 days 00:01:45.352057,16,128,0.0005490446475276926,11,COMPLETE
311,0.0004310936201363802,2025-07-18 07:42:36.625523,2025-07-18 07:45:49.745403,0 days 00:03:13.119880,16,126,0.001742403742135196,23,COMPLETE
312,0.0003492184332571924,2025-07-18 07:45:49.746455,2025-07-18 07:48:27.767269,0 days 00:02:38.020814,16,122,0.0010250732223841216,18,COMPLETE
313,0.00033629167592152953,2025-07-18 07:48:27.768324,2025-07-18 07:51:40.035989,0 days 00:03:12.267665,16,119,0.0013586295692392205,23,COMPLETE
314,0.0003353102074470371,2025-07-18 07:51:40.037068,2025-07-18 07:54:53.007053,0 days 00:03:12.969985,16,116,0.0011961184735931748,24,COMPLETE
315,0.0003856259281747043,2025-07-18 07:54:53.008105,2025-07-18 07:57:34.679694,0 days 00:02:41.671589,16,124,0.0008526199783792445,19,COMPLETE
316,0.00041472891462035477,2025-07-18 07:57:34.680799,2025-07-18 07:58:45.935175,0 days 00:01:11.254376,64,126,0.0006852534355496932,23,COMPLETE
317,0.0003629929560702294,2025-07-18 07:58:45.936271,2025-07-18 08:01:32.070754,0 days 00:02:46.134483,16,121,0.0015648090635932868,19,COMPLETE
318,0.0003824572777375579,2025-07-18 08:01:32.071818,2025-07-18 08:04:48.249769,0 days 00:03:16.177951,16,124,0.0010363817338215847,24,COMPLETE
319,0.0004127826832700521,2025-07-18 08:04:48.250868,2025-07-18 08:05:33.800695,0 days 00:00:45.549827,128,128,0.0012877741406283466,20,COMPLETE
320,0.00042683075298555195,2025-07-18 08:05:33.801544,2025-07-18 08:08:44.702874,0 days 00:03:10.901330,16,113,0.0018042688839676835,19,COMPLETE
321,0.00035162997664883733,2025-07-18 08:08:44.703964,2025-07-18 08:12:10.477710,0 days 00:03:25.773746,16,119,0.0011260310118319456,25,COMPLETE
322,0.0004084247339051217,2025-07-18 08:12:10.478774,2025-07-18 08:15:23.035774,0 days 00:03:12.557000,16,122,0.0002180650776911133,23,COMPLETE
323,0.000404293998144567,2025-07-18 08:15:23.036872,2025-07-18 08:18:41.265922,0 days 00:03:18.229050,16,126,0.000756958959692197,24,COMPLETE
324,0.00036966646439395845,2025-07-18 08:18:41.266994,2025-07-18 08:21:29.336376,0 days 00:02:48.069382,16,117,0.0014039013825031673,20,COMPLETE
325,0.00032555346842855215,2025-07-18 08:21:29.337465,2025-07-18 08:24:17.909124,0 days 00:02:48.571659,16,124,0.0009542848029528328,20,COMPLETE
326,0.00037580530624836683,2025-07-18 08:24:17.910176,2025-07-18 08:27:03.948162,0 days 00:02:46.037986,16,121,0.0009488704473233928,19,COMPLETE
327,0.00040427176281809807,2025-07-18 08:27:03.949229,2025-07-18 08:30:16.785433,0 days 00:03:12.836204,16,124,0.0008002139444336242,23,COMPLETE
328,0.00037414347752928734,2025-07-18 08:30:16.786482,2025-07-18 08:31:53.132966,0 days 00:01:36.346484,16,38,0.0022935635551214186,17,COMPLETE
329,0.0004192847409285605,2025-07-18 08:31:53.134012,2025-07-18 08:35:05.966712,0 days 00:03:12.832700,16,119,0.0009642102887553246,20,COMPLETE
330,0.0003257152857258916,2025-07-18 08:35:05.967784,2025-07-18 08:38:10.986122,0 days 00:03:05.018338,16,122,0.0011824670255989142,23,COMPLETE
331,0.00040462330798618495,2025-07-18 08:38:10.987237,2025-07-18 08:41:24.491797,0 days 00:03:13.504560,16,123,0.0015047097572091336,24,COMPLETE
332,0.0004478725604712963,2025-07-18 08:41:24.492884,2025-07-18 08:44:32.153883,0 days 00:03:07.660999,16,125,0.0019502858829310479,18,COMPLETE
333,0.0003758300154004246,2025-07-18 08:44:32.154941,2025-07-18 08:47:48.005533,0 days 00:03:15.850592,16,122,0.0012604505781983455,22,COMPLETE
334,0.00041125676943920553,2025-07-18 08:47:48.006612,2025-07-18 08:49:48.006626,0 days 00:02:00.000014,16,55,0.0008557169917956089,20,COMPLETE
335,0.0003600846685003489,2025-07-18 08:49:48.007711,2025-07-18 08:52:38.110634,0 days 00:02:50.102923,16,125,0.001678559401421177,19,COMPLETE
336,0.00046852388186380267,2025-07-18 08:52:38.111728,2025-07-18 08:55:58.755539,0 days 00:03:20.643811,16,116,0.0006145938793614997,25,COMPLETE
337,0.0003535057185217738,2025-07-18 08:55:58.756619,2025-07-18 08:59:19.335455,0 days 00:03:20.578836,16,123,0.001045534200694766,24,COMPLETE
338,0.0040208506397902966,2025-07-18 08:59:19.336542,2025-07-18 09:02:24.017937,0 days 00:03:04.681395,16,120,2.525547465558285e-05,23,COMPLETE
339,0.0003548868407960981,2025-07-18 09:02:24.019038,2025-07-18 09:03:22.080751,0 days 00:00:58.061713,64,108,0.001386701741272595,20,COMPLETE
340,0.0004298069979995489,2025-07-18 09:03:22.081593,2025-07-18 09:05:11.934860,0 days 00:01:49.853267,16,72,0.0007368377544521849,18,COMPLETE
341,0.00033764494583010674,2025-07-18 09:05:11.935928,2025-07-18 09:08:26.137359,0 days 00:03:14.201431,16,126,0.0009411645792143634,23,COMPLETE
342,0.00033706455724313855,2025-07-18 09:08:26.138448,2025-07-18 09:11:23.470818,0 days 00:02:57.332370,16,118,0.0011602802177911274,21,COMPLETE
343,0.0003579099429771304,2025-07-18 09:11:23.471897,2025-07-18 09:12:16.503841,0 days 00:00:53.031944,128,122,0.001646546460379486,22,COMPLETE
344,0.0003677968925330788,2025-07-18 09:12:16.504699,2025-07-18 09:15:27.951891,0 days 00:03:11.447192,16,128,0.0013149357072386565,24,COMPLETE
345,0.0005357844056561589,2025-07-18 09:15:27.952978,2025-07-18 09:19:26.302289,0 days 00:03:58.349311,16,114,0.0026296097111968954,22,COMPLETE
346,0.0015308221336454153,2025-07-18 09:19:26.303378,2025-07-18 09:22:45.532086,0 days 00:03:19.228708,16,124,0.006518474762452119,21,COMPLETE
347,0.0004082034865859896,2025-07-18 09:22:45.533160,2025-07-18 09:25:52.446842,0 days 00:03:06.913682,16,121,0.0020007931770880463,19,COMPLETE
348,0.0003626075922511518,2025-07-18 09:25:52.447884,2025-07-18 09:29:07.914432,0 days 00:03:15.466548,16,126,0.0010084538877715265,20,COMPLETE
349,0.0003693870094139129,2025-07-18 09:29:07.915516,2025-07-18 09:32:47.508978,0 days 00:03:39.593462,16,123,0.0008500493010276511,23,COMPLETE
350,0.00036933357478119433,2025-07-18 09:32:47.510054,2025-07-18 09:36:08.054538,0 days 00:03:20.544484,16,118,0.0004418662842315301,21,COMPLETE
351,0.00033788688597269356,2025-07-18 09:36:08.055627,2025-07-18 09:39:53.146556,0 days 00:03:45.090929,16,128,0.0011743139110038051,25,COMPLETE
352,0.00043764550355263054,2025-07-18 09:39:53.147623,2025-07-18 09:43:35.307298,0 days 00:03:42.159675,16,124,0.0014604104380269284,24,COMPLETE
353,0.0003513312549330294,2025-07-18 09:43:35.308337,2025-07-18 09:47:17.710890,0 days 00:03:42.402553,16,99,0.0017950193289599725,19,COMPLETE
354,0.000317151949275285,2025-07-18 09:47:17.711985,2025-07-18 09:50:49.127198,0 days 00:03:31.415213,16,121,0.0012454156540176041,22,COMPLETE
355,0.00037952614366076887,2025-07-18 09:50:49.128241,2025-07-18 09:55:08.009123,0 days 00:04:18.880882,16,115,0.0013861060058064545,22,COMPLETE
356,0.00033791776513680816,2025-07-18 09:55:08.010237,2025-07-18 09:58:06.220623,0 days 00:02:58.210386,16,120,0.001047747514565506,22,COMPLETE
357,0.0003584494988899678,2025-07-18 09:58:06.221713,2025-07-18 10:01:09.923877,0 days 00:03:03.702164,16,117,0.0016209392295377576,22,COMPLETE
358,0.00046994147123768926,2025-07-18 10:01:09.924988,2025-07-18 10:04:10.871441,0 days 00:03:00.946453,16,126,0.002218089732855155,21,COMPLETE
359,0.0003983813221566379,2025-07-18 10:04:10.872532,2025-07-18 10:07:25.485978,0 days 00:03:14.613446,16,121,0.0009002024512225343,23,COMPLETE
360,0.0003342917189002037,2025-07-18 10:07:25.487040,2025-07-18 10:10:18.777176,0 days 00:02:53.290136,16,126,0.0012418869357387662,20,COMPLETE
361,0.0009748931624926627,2025-07-18 10:10:18.778290,2025-07-18 10:11:22.369553,0 days 00:01:03.591263,16,10,0.0007001185088121628,14,COMPLETE
362,0.0004648612521123141,2025-07-18 10:11:22.370426,2025-07-18 10:14:14.594254,0 days 00:02:52.223828,16,119,0.0003611880137583817,20,COMPLETE
363,0.00042825823766179383,2025-07-18 10:14:14.595350,2025-07-18 10:15:20.409606,0 days 00:01:05.814256,64,122,0.0010767938064687867,21,COMPLETE
364,0.0005022261175327003,2025-07-18 10:15:20.410708,2025-07-18 10:18:29.062770,0 days 00:03:08.652062,16,125,0.0037633566679603765,22,COMPLETE
365,0.0005331831052899361,2025-07-18 10:18:29.063839,2025-07-18 10:21:37.688687,0 days 00:03:08.624848,16,102,0.0015055729273213342,19,COMPLETE
366,0.0006320216925814748,2025-07-18 10:21:37.689841,2025-07-18 10:22:26.196937,0 days 00:00:48.507096,128,128,0.0007927270325031612,21,COMPLETE
367,0.00032173440558835864,2025-07-18 10:22:26.197775,2025-07-18 10:25:30.761182,0 days 00:03:04.563407,16,120,0.001293245901402116,23,COMPLETE
368,0.0003837195399682969,2025-07-18 10:25:30.762249,2025-07-18 10:29:08.582499,0 days 00:03:37.820250,16,113,0.0017431466848521185,22,COMPLETE
369,0.0004060555947944522,2025-07-18 10:29:08.583569,2025-07-18 10:32:20.005409,0 days 00:03:11.421840,16,117,0.001346262993773974,23,COMPLETE
370,0.00040656578494235873,2025-07-18 10:32:20.006459,2025-07-18 10:34:52.247984,0 days 00:02:32.241525,16,120,0.0021226969475561567,18,COMPLETE
371,0.00037333296495489776,2025-07-18 10:34:52.249032,2025-07-18 10:37:44.565953,0 days 00:02:52.316921,16,118,0.0009923339977981644,20,COMPLETE
372,0.000357341137714684,2025-07-18 10:37:44.567062,2025-07-18 10:40:30.843058,0 days 00:02:46.275996,16,121,0.0015358326112607714,19,COMPLETE
373,0.0003959752502851188,2025-07-18 10:40:30.844132,2025-07-18 10:43:23.673287,0 days 00:02:52.829155,16,124,0.0012454852914810543,21,COMPLETE
374,0.0004311695520300418,2025-07-18 10:43:23.674371,2025-07-18 10:46:01.893729,0 days 00:02:38.219358,16,116,0.0018443161201920002,20,COMPLETE
375,0.00045667646918445826,2025-07-18 10:46:01.894830,2025-07-18 10:49:12.863478,0 days 00:03:10.968648,16,122,0.0009349638190482274,23,COMPLETE
376,0.0003534919524099678,2025-07-18 10:49:12.864602,2025-07-18 10:53:11.405553,0 days 00:03:58.540951,16,111,0.0013247076305232166,23,COMPLETE
377,0.0004213039646856487,2025-07-18 10:53:11.406612,2025-07-18 10:56:15.380301,0 days 00:03:03.973689,16,126,0.001112073352966673,18,COMPLETE
378,0.0004519794892985374,2025-07-18 10:56:15.381343,2025-07-18 10:59:26.857155,0 days 00:03:11.475812,16,119,0.0014938218542530628,20,COMPLETE
379,0.0005354747991077602,2025-07-18 10:59:26.858182,2025-07-18 11:02:51.988959,0 days 00:03:25.130777,16,124,0.00028081206046348266,22,COMPLETE
380,0.00037471280666068196,2025-07-18 11:02:51.990018,2025-07-18 11:06:05.483636,0 days 00:03:13.493618,16,128,0.0008680346590794818,21,COMPLETE
381,0.0005390264559537172,2025-07-18 11:06:05.484676,2025-07-18 11:08:29.070423,0 days 00:02:23.585747,16,76,0.0010171532141980445,23,COMPLETE
382,0.00034204195253551006,2025-07-18 11:08:29.071463,2025-07-18 11:11:34.559642,0 days 00:03:05.488179,16,121,0.0016792359943923947,19,COMPLETE
383,0.0003479719744063914,2025-07-18 11:11:34.560680,2025-07-18 11:14:57.627184,0 days 00:03:23.066504,16,125,0.0013044839664107114,21,COMPLETE
384,0.0006366263842210174,2025-07-18 11:14:57.628227,2025-07-18 11:19:02.047245,0 days 00:04:04.419018,16,115,0.002454625159299434,22,COMPLETE
385,0.00036295162863098085,2025-07-18 11:19:02.048325,2025-07-18 11:22:29.291150,0 days 00:03:27.242825,16,123,0.0006359737178400453,22,COMPLETE
386,0.00042889913311228156,2025-07-18 11:22:29.292215,2025-07-18 11:23:24.012121,0 days 00:00:54.719906,64,118,0.0011474986681940555,16,COMPLETE
387,0.0003885714977513999,2025-07-18 11:23:24.012948,2025-07-18 11:26:32.199324,0 days 00:03:08.186376,16,126,0.001989107492475107,20,COMPLETE
388,0.00038768313243053854,2025-07-18 11:26:32.200364,2025-07-18 11:29:32.007755,0 days 00:02:59.807391,16,121,0.0007569802115649184,19,COMPLETE
389,0.0003676189517136663,2025-07-18 11:29:32.008807,2025-07-18 11:32:47.739351,0 days 00:03:15.730544,16,123,0.001432316485286953,21,COMPLETE
390,0.0007928297272883356,2025-07-18 11:32:47.740391,2025-07-18 11:33:25.808628,0 days 00:00:38.068237,128,128,0.0008786549015085415,15,COMPLETE
391,0.00036533985985442996,2025-07-18 11:33:25.809461,2025-07-18 11:36:29.696959,0 days 00:03:03.887498,16,119,0.0010316265068492528,20,COMPLETE
392,0.00033320000511594117,2025-07-18 11:36:29.698025,2025-07-18 11:40:02.513952,0 days 00:03:32.815927,16,125,0.0012690748336529325,23,COMPLETE
393,0.0003953831910621375,2025-07-18 11:40:02.515029,2025-07-18 11:43:24.137103,0 days 00:03:21.622074,16,122,0.001161197349130436,22,COMPLETE
394,0.00039431609911844134,2025-07-18 11:43:24.138197,2025-07-18 11:46:22.970937,0 days 00:02:58.832740,16,120,0.0015110455988309036,20,COMPLETE
395,0.00037633764441125095,2025-07-18 11:46:22.972019,2025-07-18 11:49:34.953273,0 days 00:03:11.981254,16,116,0.0017067183333567774,21,COMPLETE
396,0.0003602570213843137,2025-07-18 11:49:34.954334,2025-07-18 11:53:13.039159,0 days 00:03:38.084825,16,126,0.0010274156122664817,23,COMPLETE
397,0.0005681298207491636,2025-07-18 11:53:13.040230,2025-07-18 11:56:49.587358,0 days 00:03:36.547128,16,124,0.0028364909779494203,24,COMPLETE
398,0.0004135151393711567,2025-07-18 11:56:49.588662,2025-07-18 11:59:41.791772,0 days 00:02:52.203110,16,128,0.0008735732716083907,19,COMPLETE
399,0.00042024155845865607,2025-07-18 11:59:41.792840,2025-07-18 12:02:51.038687,0 days 00:03:09.245847,16,122,0.001895241932223271,21,COMPLETE
400,0.00036441971315070987,2025-07-18 12:02:51.039756,2025-07-18 12:06:04.321677,0 days 00:03:13.281921,16,118,0.0012579660823504794,24,COMPLETE
401,0.00033451031777076423,2025-07-18 12:06:04.327568,2025-07-18 12:08:49.019740,0 days 00:02:44.692172,16,124,0.001414692537629061,20,COMPLETE
402,0.00039292240398935974,2025-07-18 12:08:49.020801,2025-07-18 12:11:36.461044,0 days 00:02:47.440243,16,112,0.0007753963711657427,18,COMPLETE
403,0.0004629170289263129,2025-07-18 12:11:36.462205,2025-07-18 12:14:31.604495,0 days 00:02:55.142290,16,120,0.00018417477550810877,22,COMPLETE
404,0.00037699987296946347,2025-07-18 12:14:31.605583,2025-07-18 12:17:03.090351,0 days 00:02:31.484768,16,126,0.0009819842556574845,17,COMPLETE
405,0.00040664078551344573,2025-07-18 12:17:03.091457,2025-07-18 12:20:45.131412,0 days 00:03:42.039955,16,114,0.0011257899807045155,23,COMPLETE
406,0.00040885855560190976,2025-07-18 12:20:45.132515,2025-07-18 12:23:42.816345,0 days 00:02:57.683830,16,122,0.001638749139408778,21,COMPLETE
407,0.00036203223862685263,2025-07-18 12:23:42.817454,2025-07-18 12:26:20.392789,0 days 00:02:37.575335,16,128,0.0021265904636260935,19,COMPLETE
408,0.00036151541280560195,2025-07-18 12:26:20.393883,2025-07-18 12:29:43.048271,0 days 00:03:22.654388,16,117,0.0012398994528941773,24,COMPLETE
409,0.00033159335725940764,2025-07-18 12:29:43.049332,2025-07-18 12:33:11.293148,0 days 00:03:28.243816,16,124,0.0009422412742632714,23,COMPLETE
410,0.00039710639975965023,2025-07-18 12:33:11.294247,2025-07-18 12:34:15.951305,0 days 00:01:04.657058,64,120,0.0014113520057080096,20,COMPLETE
411,0.0004626453446689993,2025-07-18 12:34:15.952390,2025-07-18 12:37:18.824189,0 days 00:03:02.871799,16,125,0.0005481928627760865,19,COMPLETE
412,0.0003271375608164817,2025-07-18 12:37:18.825241,2025-07-18 12:40:38.471748,0 days 00:03:19.646507,16,122,0.0011052372613228147,22,COMPLETE
413,0.013021919876337051,2025-07-18 12:40:38.472854,2025-07-18 12:43:54.561597,0 days 00:03:16.088743,16,123,1.0813074154280789e-05,22,COMPLETE
414,0.0003879047289956361,2025-07-18 12:43:54.562668,2025-07-18 12:47:16.746911,0 days 00:03:22.184243,16,79,0.001053040824262742,21,COMPLETE
415,0.0006969615933485329,2025-07-18 12:47:16.747979,2025-07-18 12:48:07.914735,0 days 00:00:51.166756,128,126,0.0008093725271494891,22,COMPLETE
416,0.0003884290053974837,2025-07-18 12:48:07.915563,2025-07-18 12:49:36.372073,0 days 00:01:28.456510,32,122,0.0010915759562957169,21,COMPLETE
417,0.0003283674595877528,2025-07-18 12:49:36.373147,2025-07-18 12:52:26.751777,0 days 00:02:50.378630,16,128,0.0009230186361783161,22,COMPLETE
418,0.00037775852251797915,2025-07-18 12:52:26.752843,2025-07-18 12:55:22.577463,0 days 00:02:55.824620,16,124,0.0012183134214545721,22,COMPLETE
419,0.0003613545559346676,2025-07-18 12:55:22.578560,2025-07-18 12:57:57.802672,0 days 00:02:35.224112,16,121,0.0006954173177697659,19,COMPLETE
420,0.0004240782873239368,2025-07-18 12:57:57.803743,2025-07-18 13:01:10.074843,0 days 00:03:12.271100,16,107,0.0011087795327735718,20,COMPLETE
421,0.00032587876194156706,2025-07-18 13:01:10.075906,2025-07-18 13:03:57.856874,0 days 00:02:47.780968,16,126,0.0008726906280096118,21,COMPLETE
422,0.0003812012146227062,2025-07-18 13:03:57.857921,2025-07-18 13:06:49.566511,0 days 00:02:51.708590,16,126,0.0008020857404863148,21,COMPLETE
423,0.00037641945527866483,2025-07-18 13:06:49.568280,2025-07-18 13:09:41.522953,0 days 00:02:51.954673,16,126,0.000690500229285168,21,COMPLETE
424,0.0003523468622006476,2025-07-18 13:09:41.523930,2025-07-18 13:12:25.436567,0 days 00:02:43.912637,16,128,0.0009191234620413954,21,COMPLETE
425,0.00035047263372689486,2025-07-18 13:12:25.437557,2025-07-18 13:15:07.008184,0 days 00:02:41.570627,16,124,0.0008748528605094783,20,COMPLETE
426,0.0003968868695665151,2025-07-18 13:15:07.009153,2025-07-18 13:17:58.513986,0 days 00:02:51.504833,16,126,0.0007654411126652026,21,COMPLETE
427,0.00037212087772786617,2025-07-18 13:17:58.515011,2025-07-18 13:20:35.933191,0 days 00:02:37.418180,16,128,0.0006315291073730397,20,COMPLETE
428,0.0003156216989737004,2025-07-18 13:20:35.934149,2025-07-18 13:23:27.477949,0 days 00:02:51.543800,16,123,0.000988926033467641,21,COMPLETE
429,0.0006411062786355615,2025-07-18 13:23:27.478981,2025-07-18 13:25:20.800623,0 days 00:01:53.321642,16,47,0.0008158524164886009,22,COMPLETE
430,0.0003189749550074339,2025-07-18 13:25:20.801554,2025-07-18 13:28:12.081941,0 days 00:02:51.280387,16,123,0.0009361348854664287,21,COMPLETE
431,0.0003360126574989408,2025-07-18 13:28:12.082919,2025-07-18 13:31:19.241210,0 days 00:03:07.158291,16,96,0.0009448301189168428,21,COMPLETE
432,0.00036774633917957544,2025-07-18 13:31:19.242159,2025-07-18 13:34:02.925626,0 days 00:02:43.683467,16,120,0.0010031439766869479,21,COMPLETE
433,0.00053715257672593,2025-07-18 13:34:02.926600,2025-07-18 13:36:46.947207,0 days 00:02:44.020607,16,123,0.004801227352902762,20,COMPLETE
434,0.00040948044625110924,2025-07-18 13:36:46.948177,2025-07-18 13:39:33.719205,0 days 00:02:46.771028,16,119,0.0007347131543732873,21,COMPLETE
435,0.00038847027462907135,2025-07-18 13:39:33.720198,2025-07-18 13:42:36.078112,0 days 00:03:02.357914,16,82,0.0011187644324066898,21,COMPLETE
436,0.00038035487523302436,2025-07-18 13:42:36.079067,2025-07-18 13:45:15.985742,0 days 00:02:39.906675,16,122,0.0008686839147582079,20,COMPLETE
437,0.0003397123364266008,2025-07-18 13:45:15.986698,2025-07-18 13:48:06.794264,0 days 00:02:50.807566,16,123,0.0010405386493939862,21,COMPLETE
438,0.00037021463504061103,2025-07-18 13:48:06.795258,2025-07-18 13:48:51.206934,0 days 00:00:44.411676,128,118,0.0013896604605469164,20,COMPLETE
439,0.00039526959881186485,2025-07-18 13:48:51.207685,2025-07-18 13:51:44.293918,0 days 00:02:53.086233,16,121,0.0012313367226682108,22,COMPLETE
440,0.0006107779918238521,2025-07-18 13:51:44.294892,2025-07-18 13:52:28.243917,0 days 00:00:43.949025,64,59,0.0008541953283724105,18,COMPLETE
441,0.0003444623725954443,2025-07-18 13:52:28.244677,2025-07-18 13:53:54.954652,0 days 00:01:26.709975,32,124,0.0010526586402179457,21,COMPLETE
442,0.00034903603955172,2025-07-18 13:53:54.955635,2025-07-18 13:56:31.475145,0 days 00:02:36.519510,16,116,0.0009510464115810482,20,COMPLETE
443,0.0003530585381668061,2025-07-18 13:56:31.476128,2025-07-18 13:59:06.687606,0 days 00:02:35.211478,16,125,0.0006216278169327915,19,COMPLETE
444,0.00046562962234020233,2025-07-18 13:59:06.688567,2025-07-18 14:01:52.320062,0 days 00:02:45.631495,16,120,0.0012826529249157302,22,COMPLETE
445,0.00037800095742568374,2025-07-18 14:01:52.321005,2025-07-18 14:04:37.774779,0 days 00:02:45.453774,16,122,0.0015499680670911515,21,COMPLETE
446,0.0003880206495523453,2025-07-18 14:04:37.775762,2025-07-18 14:07:31.949737,0 days 00:02:54.173975,16,126,0.0024380752014834797,22,COMPLETE
447,0.0003839397104457021,2025-07-18 14:07:31.950684,2025-07-18 14:10:10.234958,0 days 00:02:38.284274,16,118,0.0007524458112810527,20,COMPLETE
448,0.0003336912486702204,2025-07-18 14:10:10.235916,2025-07-18 14:12:53.753632,0 days 00:02:43.517716,16,124,0.0011301444854300252,21,COMPLETE
449,0.0003434930113144219,2025-07-18 14:12:53.754584,2025-07-18 14:15:26.892434,0 days 00:02:33.137850,16,122,0.0009223205792437328,19,COMPLETE
450,0.000322643609251827,2025-07-18 14:15:26.893391,2025-07-18 14:17:50.709185,0 days 00:02:23.815794,16,128,0.0013027100117759165,18,COMPLETE
451,0.0003424240567255765,2025-07-18 14:17:50.710167,2025-07-18 14:20:22.093967,0 days 00:02:31.383800,16,127,0.0018336308797764216,18,COMPLETE
452,0.0003364759322721511,2025-07-18 14:20:22.094983,2025-07-18 14:22:46.044236,0 days 00:02:23.949253,16,128,0.0013680106726543194,18,COMPLETE
453,0.00038104396662674844,2025-07-18 14:22:46.045216,2025-07-18 14:24:14.708309,0 days 00:01:28.663093,16,128,0.0015574918383454588,9,COMPLETE
