number,value,datetime_start,datetime_complete,duration,params_batch_size,params_h,params_lr,params_seq_length,state
0,0.0029025799594819546,2025-07-17 17:54:15.870920,2025-07-17 17:55:33.293511,0 days 00:01:17.422591,16,90,0.006840326254496711,5,COMPLETE
1,0.004148930311203003,2025-07-17 17:55:33.294436,2025-07-17 17:56:39.106890,0 days 00:01:05.812454,64,123,8.754972476831532e-05,22,COMPLETE
2,0.0005806465051136911,2025-07-17 17:56:39.107792,2025-07-17 17:57:46.035214,0 days 00:01:06.927422,32,65,0.000841393721425052,18,COMPLETE
3,0.0007025140221230686,2025-07-17 17:57:46.036107,2025-07-17 17:58:04.259779,0 days 00:00:18.223672,128,65,0.0018187950875470163,11,COMPLETE
4,0.4061237871646881,2025-07-17 17:58:04.260293,2025-07-17 17:58:21.723283,0 days 00:00:17.462990,128,35,1.212061850470358e-05,13,COMPLETE
5,0.005807141773402691,2025-07-17 17:58:21.723927,2025-07-17 17:58:44.658802,0 days 00:00:22.934875,64,104,8.524832102441492e-05,6,COMPLETE
6,0.0003849217318929732,2025-07-17 17:58:44.659444,2025-07-17 18:03:15.373483,0 days 00:04:30.714039,16,87,0.000706655013221784,25,COMPLETE
7,0.05066356062889099,2025-07-17 18:03:15.374346,2025-07-17 18:03:42.981153,0 days 00:00:27.606807,128,81,3.445123722826609e-05,16,COMPLETE
8,0.07201354950666428,2025-07-17 18:03:42.981806,2025-07-17 18:04:11.083409,0 days 00:00:28.101603,128,49,3.149596079887037e-05,24,COMPLETE
9,0.013236826285719872,2025-07-17 18:04:11.084035,2025-07-17 18:04:22.393673,0 days 00:00:11.309638,128,46,0.0001479198522176803,5,COMPLETE
10,0.002376863034442067,2025-07-17 18:04:22.394154,2025-07-17 18:05:41.437116,0 days 00:01:19.042962,16,9,0.001849938171728851,20,COMPLETE
11,0.0003983915376011282,2025-07-17 18:05:41.437978,2025-07-17 18:06:51.401213,0 days 00:01:09.963235,32,67,0.0005309436165902813,19,COMPLETE
12,0.00039137137355282903,2025-07-17 18:06:51.402130,2025-07-17 18:08:27.127648,0 days 00:01:35.725518,32,102,0.0004956826259123652,25,COMPLETE
13,0.00041194373625330627,2025-07-17 18:08:27.128508,2025-07-17 18:10:01.947727,0 days 00:01:34.819219,32,112,0.00025246886701684167,25,COMPLETE
14,0.00035304875927977264,2025-07-17 18:10:01.948611,2025-07-17 18:13:41.652283,0 days 00:03:39.703672,16,93,0.0013952876650080235,22,COMPLETE
15,0.001205221051350236,2025-07-17 18:13:41.653171,2025-07-17 18:17:18.471212,0 days 00:03:36.818041,16,88,0.006916144654426882,22,COMPLETE
16,0.0005236887373030186,2025-07-17 18:17:18.472092,2025-07-17 18:21:08.544887,0 days 00:03:50.072795,16,82,0.0019387063332924478,22,COMPLETE
17,0.000529054319486022,2025-07-17 18:21:08.545822,2025-07-17 18:24:12.562773,0 days 00:03:04.016951,16,115,0.003483961575656047,16,COMPLETE
18,0.00038429038249887526,2025-07-17 18:24:12.563692,2025-07-17 18:26:17.456079,0 days 00:02:04.892387,16,101,0.0009509336325301249,10,COMPLETE
19,0.00039191890391521156,2025-07-17 18:26:17.456941,2025-07-17 18:28:04.109150,0 days 00:01:46.652209,16,100,0.0009825300695964197,9,COMPLETE
20,0.0005857560900039971,2025-07-17 18:28:04.110057,2025-07-17 18:29:40.112404,0 days 00:01:36.002347,16,128,0.0034225242466460887,9,COMPLETE
21,0.00042235080036334693,2025-07-17 18:29:40.113286,2025-07-17 18:32:15.716381,0 days 00:02:35.603095,16,94,0.00032560112189004067,13,COMPLETE
22,0.0004346761270426214,2025-07-17 18:32:15.717273,2025-07-17 18:35:23.331559,0 days 00:03:07.614286,16,76,0.0010274258556007877,23,COMPLETE
23,0.0004935702891089022,2025-07-17 18:35:23.332444,2025-07-17 18:39:09.953874,0 days 00:03:46.621430,16,110,0.0005464185280125547,20,COMPLETE
24,0.0004960210062563419,2025-07-17 18:39:09.954740,2025-07-17 18:39:37.707121,0 days 00:00:27.752381,64,75,0.0028310542676591196,8,COMPLETE
25,0.0005085712764412165,2025-07-17 18:39:37.707804,2025-07-17 18:41:56.461070,0 days 00:02:18.753266,16,94,0.00020890299007397762,11,COMPLETE
26,0.0008488238672725856,2025-07-17 18:41:56.461928,2025-07-17 18:43:57.657137,0 days 00:02:01.195209,16,56,0.001309147851370366,18,COMPLETE
27,0.0003761528350878507,2025-07-17 18:43:57.658066,2025-07-17 18:46:22.456994,0 days 00:02:24.798928,16,118,0.0006207904242552382,14,COMPLETE
28,0.0004812339029740542,2025-07-17 18:46:22.457843,2025-07-17 18:49:03.310059,0 days 00:02:40.852216,16,119,0.00037350497507804883,14,COMPLETE
29,0.00041208520997315645,2025-07-17 18:49:03.310917,2025-07-17 18:52:02.205977,0 days 00:02:58.895060,16,110,0.0048459370985464755,15,COMPLETE
30,0.00044711423106491566,2025-07-17 18:52:02.206886,2025-07-17 18:52:47.388723,0 days 00:00:45.181837,64,128,0.0014082399027161721,12,COMPLETE
31,0.00045278851757757366,2025-07-17 18:52:47.389383,2025-07-17 18:54:53.829905,0 days 00:02:06.440522,16,92,0.0007190666300791735,10,COMPLETE
32,0.0003961733600590378,2025-07-17 18:54:53.830794,2025-07-17 18:56:30.314107,0 days 00:01:36.483313,16,103,0.0004631481160107902,7,COMPLETE
33,0.0003748682502191514,2025-07-17 18:56:30.314976,2025-07-17 19:00:02.687132,0 days 00:03:32.372156,16,85,0.0007840476934364222,21,COMPLETE
34,0.06870989501476288,2025-07-17 19:00:02.688018,2025-07-17 19:02:52.591222,0 days 00:02:49.903204,16,120,0.009778024394915472,17,COMPLETE
35,0.0007028764812275767,2025-07-17 19:02:52.592083,2025-07-17 19:07:12.660353,0 days 00:04:20.068270,16,99,0.002504425309393557,21,COMPLETE
36,0.00046707713045179844,2025-07-17 19:07:12.661229,2025-07-17 19:07:49.697306,0 days 00:00:37.036077,64,77,0.001375096881011552,14,COMPLETE
37,0.0009443392627872527,2025-07-17 19:07:49.697993,2025-07-17 19:09:11.140569,0 days 00:01:21.442576,32,106,0.00013816493118604283,18,COMPLETE
38,0.0004441207565832883,2025-07-17 19:09:11.141443,2025-07-17 19:11:28.371856,0 days 00:02:17.230413,16,84,0.0008139647952672326,12,COMPLETE
39,0.006245325319468975,2025-07-17 19:11:28.372768,2025-07-17 19:12:08.381289,0 days 00:00:40.008521,128,59,0.0002222101349356724,20,COMPLETE
40,0.0003712965117301792,2025-07-17 19:12:08.381971,2025-07-17 19:15:05.732789,0 days 00:02:57.350818,16,97,0.0010149053551042856,16,COMPLETE
41,0.00038270975346677005,2025-07-17 19:15:05.733716,2025-07-17 19:19:12.933709,0 days 00:04:07.199993,16,96,0.001121783528778856,23,COMPLETE
42,0.0004177225928287953,2025-07-17 19:19:12.934574,2025-07-17 19:21:35.981390,0 days 00:02:23.046816,16,72,0.0020407951518834444,23,COMPLETE
43,0.00040440179873257875,2025-07-17 19:21:35.982283,2025-07-17 19:26:06.027706,0 days 00:04:30.045423,16,95,0.0012744595108306626,23,COMPLETE
44,0.0003929905651602894,2025-07-17 19:26:06.028636,2025-07-17 19:29:29.415476,0 days 00:03:23.386840,16,89,0.0006660033864861873,21,COMPLETE
45,0.0036810562014579773,2025-07-17 19:29:29.416344,2025-07-17 19:30:08.936942,0 days 00:00:39.520598,128,82,0.0003735417503480031,19,COMPLETE
46,0.05339621379971504,2025-07-17 19:30:08.937600,2025-07-17 19:30:43.734542,0 days 00:00:34.796942,64,10,6.304322310745543e-05,24,COMPLETE
47,0.0005000829114578664,2025-07-17 19:30:43.735289,2025-07-17 19:32:00.281152,0 days 00:01:16.545863,32,115,0.0006354743211984545,16,COMPLETE
48,0.000337335339281708,2025-07-17 19:32:00.282053,2025-07-17 19:35:42.476638,0 days 00:03:42.194585,16,88,0.0016942577668598766,21,COMPLETE
49,0.0004084327956661582,2025-07-17 19:35:42.477513,2025-07-17 19:38:52.663992,0 days 00:03:10.186479,16,87,0.0019204735432640737,21,COMPLETE
50,0.00038992860936559737,2025-07-17 19:38:52.664882,2025-07-17 19:39:24.159549,0 days 00:00:31.494667,128,70,0.004772757639870046,17,COMPLETE
51,0.0004132561734877527,2025-07-17 19:39:24.160221,2025-07-17 19:44:13.123531,0 days 00:04:48.963310,16,97,0.0010917940658060525,24,COMPLETE
52,0.00038463619421236217,2025-07-17 19:44:13.124407,2025-07-17 19:48:08.275863,0 days 00:03:55.151456,16,106,0.0016830557445985479,22,COMPLETE
53,0.014229884371161461,2025-07-17 19:48:08.276747,2025-07-17 19:51:19.565788,0 days 00:03:11.289041,16,80,1.2010931443758013e-05,19,COMPLETE
54,0.00037173726013861597,2025-07-17 19:51:19.566683,2025-07-17 19:55:04.930676,0 days 00:03:45.363993,16,89,0.0008364155338339504,22,COMPLETE
55,0.0003989129909314215,2025-07-17 19:55:04.931613,2025-07-17 19:58:30.935672,0 days 00:03:26.004059,16,86,0.0008412505092439735,20,COMPLETE
56,0.000529151817318052,2025-07-17 19:58:30.936591,2025-07-17 20:00:49.688445,0 days 00:02:18.751854,16,61,0.0004428318187789551,21,COMPLETE
57,0.0005348520935513079,2025-07-17 20:00:49.689354,2025-07-17 20:03:29.121729,0 days 00:02:39.432375,16,89,0.0026290694944879024,15,COMPLETE
58,0.0006133660208433867,2025-07-17 20:03:29.122679,2025-07-17 20:05:21.891884,0 days 00:01:52.769205,16,34,0.0005816774196742081,22,COMPLETE
59,0.000545922142919153,2025-07-17 20:05:21.892791,2025-07-17 20:07:05.447129,0 days 00:01:43.554338,32,65,0.00025952538774830003,25,COMPLETE
60,0.0004377320292405784,2025-07-17 20:07:05.448040,2025-07-17 20:10:34.566199,0 days 00:03:29.118159,16,78,0.0015371206396102262,19,COMPLETE
61,0.0003809896588791162,2025-07-17 20:10:34.567302,2025-07-17 20:14:49.868593,0 days 00:04:15.301291,16,98,0.0011291295778691683,23,COMPLETE
62,0.0004177442751824856,2025-07-17 20:14:49.869509,2025-07-17 20:18:27.344198,0 days 00:03:37.474689,16,92,0.0008716759804916366,24,COMPLETE
63,0.0005279617034830153,2025-07-17 20:18:27.345115,2025-07-17 20:22:07.956961,0 days 00:03:40.611846,16,105,0.0021954560051128252,22,COMPLETE
64,0.00043832280789501965,2025-07-17 20:22:07.957870,2025-07-17 20:24:37.630655,0 days 00:02:29.672785,16,113,0.004024401430438465,14,COMPLETE
65,0.0004064207896590233,2025-07-17 20:24:37.631612,2025-07-17 20:28:20.886474,0 days 00:03:43.254862,16,99,0.0007466042850798217,23,COMPLETE
66,0.0004488806298468262,2025-07-17 20:28:20.887369,2025-07-17 20:29:12.801195,0 days 00:00:51.913826,64,84,0.0010685028793619353,20,COMPLETE
67,0.00046369529445655644,2025-07-17 20:29:12.801890,2025-07-17 20:33:01.051226,0 days 00:03:48.249336,16,108,0.0015883186715521147,24,COMPLETE
68,0.0003815475502051413,2025-07-17 20:33:01.052135,2025-07-17 20:35:12.693120,0 days 00:02:11.640985,16,73,0.0005014227044107075,21,COMPLETE
69,0.00036707561230286956,2025-07-17 20:35:12.694011,2025-07-17 20:37:53.146079,0 days 00:02:40.452068,16,91,0.0033178925152289214,17,COMPLETE
70,0.0005951657658442855,2025-07-17 20:37:53.147012,2025-07-17 20:39:15.191484,0 days 00:01:22.044472,32,124,0.007736248992955909,17,COMPLETE
71,0.0004442428471520543,2025-07-17 20:39:15.192365,2025-07-17 20:42:30.580923,0 days 00:03:15.388558,16,92,0.0023667816012301417,22,COMPLETE
72,0.00868950318545103,2025-07-17 20:42:30.581823,2025-07-17 20:44:51.849668,0 days 00:02:21.267845,16,101,1.959820041357903e-05,13,COMPLETE
73,0.0007149864104576409,2025-07-17 20:44:51.850659,2025-07-17 20:47:16.971852,0 days 00:02:25.121193,16,91,0.003159596229161326,15,COMPLETE
74,0.0005067966994829476,2025-07-17 20:47:16.972778,2025-07-17 20:50:07.915926,0 days 00:02:50.943148,16,97,0.0012327222526574938,17,COMPLETE
75,0.001088143908418715,2025-07-17 20:50:07.916852,2025-07-17 20:50:42.562151,0 days 00:00:34.645299,128,85,0.0009767199239458229,18,COMPLETE
76,0.0006106862565502524,2025-07-17 20:50:42.562823,2025-07-17 20:53:12.304408,0 days 00:02:29.741585,16,80,0.00041773125832617454,16,COMPLETE
77,0.0004599614767357707,2025-07-17 20:53:12.305342,2025-07-17 20:56:04.979173,0 days 00:02:52.673831,16,118,0.004039967334209034,20,COMPLETE
78,0.00032696317066438496,2025-07-17 20:56:04.980077,2025-07-17 20:59:05.842236,0 days 00:03:00.862159,16,101,0.001670834046457308,18,COMPLETE
79,0.000383503211196512,2025-07-17 20:59:05.843188,2025-07-17 21:01:55.026137,0 days 00:02:49.182949,16,93,0.005468712094056965,18,COMPLETE
80,0.0003603096411097795,2025-07-17 21:01:55.027105,2025-07-17 21:02:54.750769,0 days 00:00:59.723664,64,109,0.0018107098239287475,19,COMPLETE
81,0.00042653505806811154,2025-07-17 21:02:54.751438,2025-07-17 21:03:52.664205,0 days 00:00:57.912767,64,103,0.001949691169725222,19,COMPLETE
82,0.00039972609374672174,2025-07-17 21:03:52.664880,2025-07-17 21:04:43.975872,0 days 00:00:51.310992,64,110,0.002950527703012195,16,COMPLETE
83,0.000371226342394948,2025-07-17 21:04:43.976590,2025-07-17 21:05:42.856077,0 days 00:00:58.879487,64,117,0.0014869065808413998,18,COMPLETE
84,0.0004187009180895984,2025-07-17 21:05:42.856772,2025-07-17 21:06:43.308740,0 days 00:01:00.451968,64,123,0.0016808260313242983,18,COMPLETE
85,0.00039071845822036266,2025-07-17 21:06:43.309659,2025-07-17 21:07:44.397872,0 days 00:01:01.088213,64,115,0.0013290486699695297,19,COMPLETE
86,0.00044307566713541746,2025-07-17 21:07:44.398567,2025-07-17 21:08:38.332485,0 days 00:00:53.933918,64,107,0.002180942958890267,17,COMPLETE
87,0.00039641608600504696,2025-07-17 21:08:38.333184,2025-07-17 21:09:40.929371,0 days 00:01:02.596187,64,102,0.0014960005968691595,21,COMPLETE
88,0.00038508966099470854,2025-07-17 21:09:40.930054,2025-07-17 21:10:27.481340,0 days 00:00:46.551286,64,88,0.0034876869299277483,18,COMPLETE
89,0.0004494366585277021,2025-07-17 21:10:27.482041,2025-07-17 21:11:21.924499,0 days 00:00:54.442458,64,94,0.002467520516567148,20,COMPLETE
90,0.00041293693357147276,2025-07-17 21:11:21.925216,2025-07-17 21:12:09.567268,0 days 00:00:47.642052,64,112,0.0016778085836274743,16,COMPLETE
91,0.0003974307037424296,2025-07-17 21:12:09.567975,2025-07-17 21:14:28.105181,0 days 00:02:18.537206,16,121,0.0007501264085327478,15,COMPLETE
92,0.00036015224759466946,2025-07-17 21:14:28.106143,2025-07-17 21:17:15.897459,0 days 00:02:47.791316,16,126,0.0008679943547977775,19,COMPLETE
93,0.0003206475521437824,2025-07-17 21:17:15.898400,2025-07-17 21:20:19.022958,0 days 00:03:03.124558,16,125,0.0009751373225555003,19,COMPLETE
94,0.000732707732822746,2025-07-17 21:20:19.023891,2025-07-17 21:21:09.658251,0 days 00:00:50.634360,128,127,0.0009353818766513125,19,COMPLETE
95,0.00033533090027049184,2025-07-17 21:21:09.658978,2025-07-17 21:24:00.399871,0 days 00:02:50.740893,16,118,0.0013614951888806521,18,COMPLETE
96,0.00040678252116777003,2025-07-17 21:24:00.400827,2025-07-17 21:27:04.209051,0 days 00:03:03.808224,16,125,0.0018379843846859994,18,COMPLETE
97,0.00038045260589569807,2025-07-17 21:27:04.210018,2025-07-17 21:28:27.169172,0 days 00:01:22.959154,32,122,0.0012531672028911203,17,COMPLETE
98,0.0004133433394599706,2025-07-17 21:28:27.170104,2025-07-17 21:31:09.002410,0 days 00:02:41.832306,16,118,0.001426704404892204,19,COMPLETE
99,0.0005737172323279083,2025-07-17 21:31:09.003343,2025-07-17 21:33:35.803628,0 days 00:02:26.800285,16,116,0.002723114847273669,18,COMPLETE
100,0.0003932218824047595,2025-07-17 21:33:35.804577,2025-07-17 21:34:25.674971,0 days 00:00:49.870394,64,110,0.002052125690137088,17,COMPLETE
101,0.00033528401399962604,2025-07-17 21:34:25.675648,2025-07-17 21:37:28.439937,0 days 00:03:02.764289,16,125,0.001179824302766507,19,COMPLETE
102,0.0003427310730330646,2025-07-17 21:37:28.440856,2025-07-17 21:40:24.036669,0 days 00:02:55.595813,16,124,0.0011516356560554765,19,COMPLETE
103,0.00035390042467042804,2025-07-17 21:40:24.037642,2025-07-17 21:43:36.272448,0 days 00:03:12.234806,16,126,0.0011306388663736738,20,COMPLETE
104,0.0003530661924742162,2025-07-17 21:43:36.273429,2025-07-17 21:46:35.363755,0 days 00:02:59.090326,16,128,0.0010702082970229895,20,COMPLETE
105,0.00032608225592412055,2025-07-17 21:46:35.364687,2025-07-17 21:49:22.272502,0 days 00:02:46.907815,16,128,0.001190371532380128,20,COMPLETE
106,0.0003587935061659664,2025-07-17 21:49:22.273436,2025-07-17 21:52:23.581294,0 days 00:03:01.307858,16,128,0.0011383355188684348,20,COMPLETE
107,0.00032441463554278016,2025-07-17 21:52:23.582286,2025-07-17 21:55:33.043133,0 days 00:03:09.460847,16,127,0.0011841308033836992,20,COMPLETE
108,0.00037747767055407166,2025-07-17 21:55:33.044124,2025-07-17 21:58:28.340532,0 days 00:02:55.296408,16,121,0.0006560347675506188,20,COMPLETE
109,0.00033536588307470083,2025-07-17 21:58:28.341458,2025-07-17 22:01:43.728531,0 days 00:03:15.387073,16,123,0.0011755979823520272,21,COMPLETE
110,0.0003398913540877402,2025-07-17 22:01:43.729527,2025-07-17 22:04:38.585224,0 days 00:02:54.855697,16,124,0.0009698040474402447,21,COMPLETE
111,0.00032489464501850307,2025-07-17 22:04:38.586195,2025-07-17 22:07:30.617033,0 days 00:02:52.030838,16,124,0.0012686391473610374,21,COMPLETE
112,0.00032770654070191085,2025-07-17 22:07:30.618009,2025-07-17 22:10:22.663276,0 days 00:02:52.045267,16,124,0.0013060104093963196,21,COMPLETE
113,0.0003942926414310932,2025-07-17 22:10:22.664261,2025-07-17 22:13:13.691146,0 days 00:02:51.026885,16,124,0.0012651863816549142,21,COMPLETE
114,0.00041500836960040033,2025-07-17 22:13:13.692112,2025-07-17 22:15:59.722160,0 days 00:02:46.030048,16,120,0.0009266048726291197,21,COMPLETE
115,0.00038443433004431427,2025-07-17 22:15:59.723133,2025-07-17 22:19:17.339163,0 days 00:03:17.616030,16,123,0.00070082518232905,21,COMPLETE
116,0.00040032979450188577,2025-07-17 22:19:17.340125,2025-07-17 22:27:23.933381,0 days 00:08:06.593256,16,114,0.0014218985544466947,22,COMPLETE
117,0.0003828383341897279,2025-07-17 22:27:23.934331,2025-07-17 22:30:41.504007,0 days 00:03:17.569676,16,120,0.0005314416297141318,21,COMPLETE
118,0.00040172977605834603,2025-07-17 22:30:41.504959,2025-07-17 22:34:00.823712,0 days 00:03:19.318753,16,125,0.0009954715358260233,20,COMPLETE
119,0.0003808664041571319,2025-07-17 22:34:00.824677,2025-07-17 22:37:02.224285,0 days 00:03:01.399608,16,123,0.0016944904899641908,19,COMPLETE
120,0.0003894203691743314,2025-07-17 22:37:02.225408,2025-07-17 22:40:12.842132,0 days 00:03:10.616724,16,118,0.0008090591719291791,22,COMPLETE
121,0.0004345860215835273,2025-07-17 22:40:12.843068,2025-07-17 22:43:23.814574,0 days 00:03:10.971506,16,128,0.0012239759077355848,22,COMPLETE
122,0.00043541143531911075,2025-07-17 22:43:23.815555,2025-07-17 22:46:30.877961,0 days 00:03:07.062406,16,121,0.0014264523712860973,21,COMPLETE
123,0.00043642634409479797,2025-07-17 22:46:30.878931,2025-07-17 22:49:15.849993,0 days 00:02:44.971062,16,124,0.002244095086180354,20,COMPLETE
124,0.00037732982309535146,2025-07-17 22:49:15.850972,2025-07-17 22:53:11.563251,0 days 00:03:55.712279,16,113,0.0015765172035687846,21,COMPLETE
125,0.0003823282022494823,2025-07-17 22:53:11.564261,2025-07-17 22:56:26.356779,0 days 00:03:14.792518,16,126,0.0010346787207686373,22,COMPLETE
126,0.0004143374098930508,2025-07-17 22:56:26.357739,2025-07-17 22:59:07.364326,0 days 00:02:41.006587,16,117,0.001859567575005113,19,COMPLETE
127,0.00034532640711404383,2025-07-17 22:59:07.365315,2025-07-17 23:02:14.288051,0 days 00:03:06.922736,16,122,0.0013145141195177032,21,COMPLETE
128,0.0003537173615768552,2025-07-17 23:02:14.289033,2025-07-17 23:05:00.503537,0 days 00:02:46.214504,16,120,0.0005851591727486875,20,COMPLETE
129,0.0003315966168884188,2025-07-17 23:05:00.504505,2025-07-17 23:08:06.303376,0 days 00:03:05.798871,16,122,0.0012430580579469517,21,COMPLETE
130,0.00034408908686600626,2025-07-17 23:08:06.304362,2025-07-17 23:11:04.824978,0 days 00:02:58.520616,16,125,0.0008929062663976772,19,COMPLETE
131,0.0003199286584276706,2025-07-17 23:11:04.825954,2025-07-17 23:14:02.443701,0 days 00:02:57.617747,16,126,0.0009367526830276834,19,COMPLETE
132,0.00033044914016500115,2025-07-17 23:14:02.444668,2025-07-17 23:16:47.952786,0 days 00:02:45.508118,16,128,0.0011436146385833863,20,COMPLETE
133,0.00037629311555065215,2025-07-17 23:16:47.953761,2025-07-17 23:19:49.886149,0 days 00:03:01.932388,16,128,0.0007880391034003555,20,COMPLETE
134,0.0003432224038988352,2025-07-17 23:19:49.887113,2025-07-17 23:23:02.432121,0 days 00:03:12.545008,16,119,0.000979520909529968,21,COMPLETE
135,0.00035637884866446257,2025-07-17 23:23:02.433065,2025-07-17 23:23:43.446543,0 days 00:00:41.013478,128,116,0.0015421363943914422,20,COMPLETE
136,0.0003428489144425839,2025-07-17 23:23:43.447269,2025-07-17 23:27:12.930425,0 days 00:03:29.483156,16,126,0.0012391532962421708,23,COMPLETE
137,0.0003310996398795396,2025-07-17 23:27:12.931400,2025-07-17 23:28:45.132772,0 days 00:01:32.201372,32,122,0.002037186185876105,21,COMPLETE
138,0.00039566209306940436,2025-07-17 23:28:45.133696,2025-07-17 23:30:11.488462,0 days 00:01:26.354766,32,121,0.0016842901734305967,20,COMPLETE
139,0.00038674144889228046,2025-07-17 23:30:11.489448,2025-07-17 23:31:31.764249,0 days 00:01:20.274801,32,128,0.002049406260923846,21,COMPLETE
140,0.0003835709940176457,2025-07-17 23:31:31.765218,2025-07-17 23:32:46.745828,0 days 00:01:14.980610,32,122,0.0025121169473167125,19,COMPLETE
141,0.00034112020512111485,2025-07-17 23:32:46.746804,2025-07-17 23:34:09.326250,0 days 00:01:22.579446,32,125,0.0010569753508797932,21,COMPLETE
142,0.0004672511131502688,2025-07-17 23:34:09.327221,2025-07-17 23:37:27.532952,0 days 00:03:18.205731,16,123,0.0001505461078162014,20,COMPLETE
143,0.0003706528805196285,2025-07-17 23:37:27.533906,2025-07-17 23:40:40.081642,0 days 00:03:12.547736,16,119,0.0013793431077443223,22,COMPLETE
144,0.00034710855106823146,2025-07-17 23:40:40.082597,2025-07-17 23:43:37.189423,0 days 00:02:57.106826,16,126,0.0011821622325845255,18,COMPLETE
145,0.00037138230982236564,2025-07-17 23:43:37.190407,2025-07-17 23:46:32.063258,0 days 00:02:54.872851,16,116,0.0007118419794640227,21,COMPLETE
146,0.00035594654036685824,2025-07-17 23:46:32.064268,2025-07-17 23:48:00.897112,0 days 00:01:28.832844,32,128,0.0018479226595884822,20,COMPLETE
147,0.0004618051752913743,2025-07-17 23:48:00.898062,2025-07-17 23:49:51.525623,0 days 00:01:50.627561,16,43,0.0008932938383093618,21,COMPLETE
148,0.0003876518167089671,2025-07-17 23:49:51.526586,2025-07-17 23:54:48.720142,0 days 00:04:57.193556,16,112,0.0015587398623750268,22,COMPLETE
149,0.00034269382013008,2025-07-17 23:54:48.721090,2025-07-17 23:58:07.641437,0 days 00:03:18.920347,16,123,0.0014065875597761377,20,COMPLETE
150,0.0013758669374510646,2025-07-17 23:58:07.642464,2025-07-17 23:59:35.882031,0 days 00:01:28.239567,16,19,0.0011345736109977917,18,COMPLETE
151,0.0003573316498659551,2025-07-17 23:59:35.882977,2025-07-18 00:01:12.539556,0 days 00:01:36.656579,32,125,0.001005440640156654,21,COMPLETE
