number,value,datetime_start,datetime_complete,duration,params_batch_size,params_h,params_lr,params_seq_length,state
454,0.0016048611141741276,2025-07-18 14:24:14.709262,2025-07-18 14:26:46.019419,0 days 00:02:31.310157,16,125,4.374397039003008e-05,18,COMPLETE
455,0.0003977893793489784,2025-07-18 14:26:46.020401,2025-07-18 14:29:41.425236,0 days 00:02:55.404835,16,104,0.0012853610555449493,19,COMPLETE
456,0.0004321014857850969,2025-07-18 14:29:41.426217,2025-07-18 14:31:59.322582,0 days 00:02:17.896365,16,128,0.002084987535821298,17,COMPLETE
457,0.0003976417938247323,2025-07-18 14:31:59.323590,2025-07-18 14:34:24.025990,0 days 00:02:24.702400,16,125,0.0014717486547484405,17,COMPLETE
458,0.0003555690636858344,2025-07-18 14:34:24.026984,2025-07-18 14:37:00.277420,0 days 00:02:36.250436,16,125,0.001783217987558938,19,COMPLETE
459,0.0003426095936447382,2025-07-18 14:37:00.278413,2025-07-18 14:39:34.449193,0 days 00:02:34.170780,16,128,0.0012351109256325155,20,COMPLETE
460,0.00042907247552648187,2025-07-18 14:39:34.450183,2025-07-18 14:40:30.014922,0 days 00:00:55.564739,64,124,0.0008235386949602806,19,COMPLETE
461,0.0003196853504050523,2025-07-18 14:40:30.015698,2025-07-18 14:42:57.962199,0 days 00:02:27.946501,16,120,0.0010043648022771037,19,COMPLETE
462,0.00034014476113952696,2025-07-18 14:42:57.963180,2025-07-18 14:45:33.951770,0 days 00:02:35.988590,16,119,0.0009900349290302285,19,COMPLETE
463,0.00037970629637129605,2025-07-18 14:45:33.952734,2025-07-18 14:48:16.584522,0 days 00:02:42.631788,16,121,0.0010072027601261294,20,COMPLETE
464,0.0008412839379161596,2025-07-18 14:48:16.585518,2025-07-18 14:49:54.516938,0 days 00:01:37.931420,16,33,0.0007330261575985885,20,COMPLETE
465,0.0007468809490092099,2025-07-18 14:49:54.517944,2025-07-18 14:50:36.416258,0 days 00:00:41.898314,128,115,0.000885415143110384,19,COMPLETE
466,0.00035903675598092377,2025-07-18 14:50:36.417030,2025-07-18 14:53:18.450635,0 days 00:02:42.033605,16,123,0.0011091812364022102,20,COMPLETE
467,0.00036217676824890077,2025-07-18 14:53:18.451644,2025-07-18 14:54:37.507351,0 days 00:01:19.055707,32,120,0.000826108541996884,19,COMPLETE
468,0.00035589758772403,2025-07-18 14:54:37.508340,2025-07-18 14:57:24.667614,0 days 00:02:47.159274,16,126,0.0009965056824364873,21,COMPLETE
469,0.00044931561569683254,2025-07-18 14:57:24.668609,2025-07-18 15:00:03.368324,0 days 00:02:38.699715,16,118,0.0011844553472212431,20,COMPLETE
470,0.00042805177508853376,2025-07-18 15:00:03.369315,2025-07-18 15:02:48.240176,0 days 00:02:44.870861,16,124,0.0006615391096525929,21,COMPLETE
471,0.00033378443913534284,2025-07-18 15:02:48.241160,2025-07-18 15:05:30.130878,0 days 00:02:41.889718,16,122,0.000544280168282362,20,COMPLETE
472,0.0004136849020142108,2025-07-18 15:05:30.131892,2025-07-18 15:08:04.928192,0 days 00:02:34.796300,16,126,0.0010900217986719127,19,COMPLETE
473,0.06290146708488464,2025-07-18 15:08:04.929166,2025-07-18 15:10:45.547743,0 days 00:02:40.618577,16,120,0.009078855159056145,21,COMPLETE
474,0.00033943646121770144,2025-07-18 15:10:45.548729,2025-07-18 15:13:23.643462,0 days 00:02:38.094733,16,116,0.0013272425270889868,20,COMPLETE
475,0.0003803978906944394,2025-07-18 15:13:23.644456,2025-07-18 15:16:02.085526,0 days 00:02:38.441070,16,123,0.0009053499659297157,19,COMPLETE
476,0.0003813949297182262,2025-07-18 15:16:02.086530,2025-07-18 15:18:45.881163,0 days 00:02:43.794633,16,128,0.0011923619449177158,21,COMPLETE
477,0.00033930374775081873,2025-07-18 15:18:45.882165,2025-07-18 15:21:43.950213,0 days 00:02:58.068048,16,126,0.0007653025615732982,22,COMPLETE
478,0.00036295445170253515,2025-07-18 15:21:43.951251,2025-07-18 15:24:08.658491,0 days 00:02:24.707240,16,120,0.0009896312885726737,18,COMPLETE
479,0.0004128883592784405,2025-07-18 15:24:08.659503,2025-07-18 15:27:00.729531,0 days 00:02:52.070028,16,123,0.0013833005588889747,21,COMPLETE
480,0.0004919882048852742,2025-07-18 15:27:00.730518,2025-07-18 15:29:36.706742,0 days 00:02:35.976224,16,117,0.001088545957233986,20,COMPLETE
481,0.0003294939815532416,2025-07-18 15:29:36.707744,2025-07-18 15:32:12.555014,0 days 00:02:35.847270,16,125,0.000938279653538837,19,COMPLETE
482,0.0003657005727291107,2025-07-18 15:32:12.556014,2025-07-18 15:34:50.483209,0 days 00:02:37.927195,16,121,0.0004934474872572878,20,COMPLETE
483,0.0003846514446195215,2025-07-18 15:34:50.484200,2025-07-18 15:36:53.545217,0 days 00:02:03.061017,16,128,0.001233874760799608,14,COMPLETE
484,0.0005567955086007714,2025-07-18 15:36:53.546206,2025-07-18 15:39:31.941120,0 days 00:02:38.394914,16,123,0.0008788401783042114,19,COMPLETE
485,0.00036690360866487026,2025-07-18 15:39:31.942138,2025-07-18 15:42:22.095297,0 days 00:02:50.153159,16,119,0.0014746931659159188,21,COMPLETE
486,0.0004305162583477795,2025-07-18 15:42:22.096307,2025-07-18 15:43:28.561260,0 days 00:01:06.464953,64,126,0.0007136417415145867,22,COMPLETE
487,0.0006099005695432425,2025-07-18 15:43:28.562304,2025-07-18 15:46:23.592613,0 days 00:02:55.030309,16,114,0.00010663599943693845,18,COMPLETE
488,0.0003227134875487536,2025-07-18 15:46:23.593642,2025-07-18 15:49:17.993509,0 days 00:02:54.399867,16,124,0.0011231278566882221,22,COMPLETE
489,0.00034738669637590647,2025-07-18 15:49:17.994515,2025-07-18 15:50:10.216718,0 days 00:00:52.222203,128,125,0.0016169810275446356,22,COMPLETE
490,0.00033586935023777187,2025-07-18 15:50:10.217499,2025-07-18 15:53:04.814112,0 days 00:02:54.596613,16,124,0.0013345468454001275,22,COMPLETE
491,0.0003725015267264098,2025-07-18 15:53:04.815198,2025-07-18 15:54:41.325366,0 days 00:01:36.510168,16,128,0.0011315877443009497,10,COMPLETE
492,0.00037593822344206274,2025-07-18 15:54:41.326317,2025-07-18 15:56:14.464405,0 days 00:01:33.138088,32,122,0.0012694886038432994,22,COMPLETE
493,0.0003347056917846203,2025-07-18 15:56:14.465426,2025-07-18 15:59:06.114419,0 days 00:02:51.648993,16,126,0.0010784037158856057,21,COMPLETE
494,0.00041819846956059337,2025-07-18 15:59:06.115443,2025-07-18 16:00:18.328596,0 days 00:01:12.213153,16,123,0.0015076996814243288,6,COMPLETE
495,0.00032679937430657446,2025-07-18 16:00:18.329590,2025-07-18 16:03:22.858867,0 days 00:03:04.529277,16,126,0.00101470271720486,23,COMPLETE
496,0.0012170138070359826,2025-07-18 16:03:22.859882,2025-07-18 16:05:03.981243,0 days 00:01:41.121361,16,17,0.0008127552483564063,22,COMPLETE
497,0.000357283279299736,2025-07-18 16:05:03.982273,2025-07-18 16:08:09.057283,0 days 00:03:05.075010,16,121,0.0012106649915432936,23,COMPLETE
498,0.0004725140461232513,2025-07-18 16:08:09.058322,2025-07-18 16:10:52.126216,0 days 00:02:43.067894,16,128,0.0013976709652193764,21,COMPLETE
499,0.0005365010583773255,2025-07-18 16:10:52.127236,2025-07-18 16:13:40.409231,0 days 00:02:48.281995,16,124,0.0018542353602988468,21,COMPLETE
